{"meta": {"format": 3, "version": "7.13.3", "timestamp": "2026-03-26T18:58:59.708539", "branch_coverage": false, "show_contexts": false}, "files": {"loqs/__init__.py": {"executed_lines": [17, 20, 22, 25, 26], "summary": {"covered_lines": 5, "num_statements": 5, "percent_covered": 100.0, "percent_covered_display": "100", "missing_lines": 0, "excluded_lines": 0, "percent_statements_covered": 100.0, "percent_statements_covered_display": "100"}, "missing_lines": [], "excluded_lines": [], "functions": {"": {"executed_lines": [17, 20, 22, 25, 26], "summary": {"covered_lines": 5, "num_statements": 5, "percent_covered": 100.0, "percent_covered_display": "100", "missing_lines": 0, "excluded_lines": 0, "percent_statements_covered": 100.0, "percent_statements_covered_display": "100"}, "missing_lines": [], "excluded_lines": [], "start_line": 1}}, "classes": {"": {"executed_lines": [17, 20, 22, 25, 26], "summary": {"covered_lines": 5, "num_statements": 5, "percent_covered": 100.0, "percent_covered_display": "100", "missing_lines": 0, "excluded_lines": 0, "percent_statements_covered": 100.0, "percent_statements_covered_display": "100"}, "missing_lines": [], "excluded_lines": [], "start_line": 1}}}, "loqs/backends/__init__.py": {"executed_lines": [13, 14, 15, 17, 19, 20, 21, 22, 25, 26, 29, 30, 31, 35, 38, 40, 41, 42, 45, 53, 62, 64, 69, 77, 78, 79, 80, 81, 85, 87, 88, 89, 91, 97, 98, 99, 101, 107, 108, 109, 111, 117, 118, 119, 121, 127, 128, 129, 131, 141, 181, 182, 183, 184, 185, 189, 190, 191, 192, 193, 198, 201, 202, 206], "summary": {"covered_lines": 64, "num_statements": 76, "percent_covered": 84.21052631578948, "percent_covered_display": "84", "missing_lines": 12, "excluded_lines": 0, "percent_statements_covered": 84.21052631578948, "percent_statements_covered_display": "84"}, "missing_lines": [46, 47, 50, 55, 71, 93, 103, 113, 123, 133, 138, 204], "excluded_lines": [], "functions": {"_check_backend_availability": {"executed_lines": [40, 41, 42, 45], "summary": {"covered_lines": 4, "num_statements": 7, "percent_covered": 57.142857142857146, "percent_covered_display": "57", "missing_lines": 3, "excluded_lines": 0, "percent_statements_covered": 57.142857142857146, "percent_statements_covered_display": "57"}, "missing_lines": [46, 47, 50], "excluded_lines": [], "start_line": 38}, "get_available_backends": {"executed_lines": [], "summary": {"covered_lines": 0, "num_statements": 1, "percent_covered": 0.0, "percent_covered_display": "0", "missing_lines": 1, "excluded_lines": 0, "percent_statements_covered": 0.0, "percent_statements_covered_display": "0"}, "missing_lines": [55], "excluded_lines": [], "start_line": 53}, "is_backend_available": {"executed_lines": [64], "summary": {"covered_lines": 1, "num_statements": 1, "percent_covered": 100.0, "percent_covered_display": "100", "missing_lines": 0, "excluded_lines": 0, "percent_statements_covered": 100.0, "percent_statements_covered_display": "100"}, "missing_lines": [], "excluded_lines": [], "start_line": 62}, "get_backend_error": {"executed_lines": [], "summary": {"covered_lines": 0, "num_statements": 1, "percent_covered": 0.0, "percent_covered_display": "0", "missing_lines": 1, "excluded_lines": 0, "percent_statements_covered": 0.0, "percent_statements_covered_display": "0"}, "missing_lines": [71], "excluded_lines": [], "start_line": 69}, "__getattr__": {"executed_lines": [87, 88, 89, 91, 97, 98, 99, 101, 107, 108, 109, 111, 117, 118, 119, 121, 127, 128, 129, 131], "summary": {"covered_lines": 20, "num_statements": 26, "percent_covered": 76.92307692307692, "percent_covered_display": "77", "missing_lines": 6, "excluded_lines": 0, "percent_statements_covered": 76.92307692307692, "percent_statements_covered_display": "77"}, "missing_lines": [93, 103, 113, 123, 133, 138], "excluded_lines": [], "start_line": 85}, "propagate_state": {"executed_lines": [181, 182, 183, 184, 185, 189, 190, 191, 192, 193, 198, 201, 202, 206], "summary": {"covered_lines": 14, "num_statements": 15, "percent_covered": 93.33333333333333, "percent_covered_display": "93", "missing_lines": 1, "excluded_lines": 0, "percent_statements_covered": 93.33333333333333, "percent_statements_covered_display": "93"}, "missing_lines": [204], "excluded_lines": [], "start_line": 141}, "": {"executed_lines": [13, 14, 15, 17, 19, 20, 21, 22, 25, 26, 29, 30, 31, 35, 38, 53, 62, 69, 77, 78, 79, 80, 81, 85, 141], "summary": {"covered_lines": 25, "num_statements": 25, "percent_covered": 100.0, "percent_covered_display": "100", "missing_lines": 0, "excluded_lines": 0, "percent_statements_covered": 100.0, "percent_statements_covered_display": "100"}, "missing_lines": [], "excluded_lines": [], "start_line": 1}}, "classes": {"BackendAvailability": {"executed_lines": [], "summary": {"covered_lines": 0, "num_statements": 0, "percent_covered": 100.0, "percent_covered_display": "100", "missing_lines": 0, "excluded_lines": 0, "percent_statements_covered": 100.0, "percent_statements_covered_display": "100"}, "missing_lines": [], "excluded_lines": [], "start_line": 26}, "": {"executed_lines": [13, 14, 15, 17, 19, 20, 21, 22, 25, 26, 29, 30, 31, 35, 38, 40, 41, 42, 45, 53, 62, 64, 69, 77, 78, 79, 80, 81, 85, 87, 88, 89, 91, 97, 98, 99, 101, 107, 108, 109, 111, 117, 118, 119, 121, 127, 128, 129, 131, 141, 181, 182, 183, 184, 185, 189, 190, 191, 192, 193, 198, 201, 202, 206], "summary": {"covered_lines": 64, "num_statements": 76, "percent_covered": 84.21052631578948, "percent_covered_display": "84", "missing_lines": 12, "excluded_lines": 0, "percent_statements_covered": 84.21052631578948, "percent_statements_covered_display": "84"}, "missing_lines": [46, 47, 50, 55, 71, 93, 103, 113, 123, 133, 138, 204], "excluded_lines": [], "start_line": 1}}}, "loqs/backends/circuit/__init__.py": {"executed_lines": [91, 92], "summary": {"covered_lines": 2, "num_statements": 2, "percent_covered": 100.0, "percent_covered_display": "100", "missing_lines": 0, "excluded_lines": 0, "percent_statements_covered": 100.0, "percent_statements_covered_display": "100"}, "missing_lines": [], "excluded_lines": [], "functions": {"": {"executed_lines": [91, 92], "summary": {"covered_lines": 2, "num_statements": 2, "percent_covered": 100.0, "percent_covered_display": "100", "missing_lines": 0, "excluded_lines": 0, "percent_statements_covered": 100.0, "percent_statements_covered_display": "100"}, "missing_lines": [], "excluded_lines": [], "start_line": 1}}, "classes": {"": {"executed_lines": [91, 92], "summary": {"covered_lines": 2, "num_statements": 2, "percent_covered": 100.0, "percent_covered_display": "100", "missing_lines": 0, "excluded_lines": 0, "percent_statements_covered": 100.0, "percent_statements_covered_display": "100"}, "missing_lines": [], "excluded_lines": [], "start_line": 1}}}, "loqs/backends/circuit/basecircuit.py": {"executed_lines": [13, 15, 16, 17, 18, 20, 24, 27, 31, 32, 34, 36, 39, 40, 54, 55, 57, 62, 65, 70, 76, 77, 166, 167, 168, 172, 173, 174, 178, 179, 180, 191, 204, 205, 206, 208, 216, 218, 219, 229, 244, 245, 246, 248, 249, 259, 260, 280, 300, 301, 314, 329, 330, 331, 333, 334, 345, 365, 366, 383, 396, 397, 398, 400, 409, 413, 450, 451, 481, 496, 497, 498, 500, 501, 516, 517, 518, 530, 531, 539, 544, 545, 546, 547, 548], "summary": {"covered_lines": 85, "num_statements": 137, "percent_covered": 62.043795620437955, "percent_covered_display": "62", "missing_lines": 52, "excluded_lines": 0, "percent_statements_covered": 62.043795620437955, "percent_statements_covered_display": "62"}, "missing_lines": [58, 59, 60, 63, 68, 73, 122, 125, 127, 128, 131, 132, 133, 135, 141, 142, 143, 144, 145, 147, 150, 151, 154, 156, 159, 161, 163, 170, 176, 188, 227, 257, 278, 296, 297, 298, 312, 343, 361, 362, 363, 381, 441, 442, 448, 479, 514, 528, 537, 540, 541, 542], "excluded_lines": [], "functions": {"BasePhysicalCircuit.__init__": {"executed_lines": [54, 55], "summary": {"covered_lines": 2, "num_statements": 2, "percent_covered": 100.0, "percent_covered_display": "100", "missing_lines": 0, "excluded_lines": 0, "percent_statements_covered": 100.0, "percent_statements_covered_display": "100"}, "missing_lines": [], "excluded_lines": [], "start_line": 40}, "BasePhysicalCircuit.__str__": {"executed_lines": [], "summary": {"covered_lines": 0, "num_statements": 3, "percent_covered": 0.0, "percent_covered_display": "0", "missing_lines": 3, "excluded_lines": 0, "percent_statements_covered": 0.0, "percent_statements_covered_display": "0"}, "missing_lines": [58, 59, 60], "excluded_lines": [], "start_line": 57}, "BasePhysicalCircuit.__repr__": {"executed_lines": [], "summary": {"covered_lines": 0, "num_statements": 1, "percent_covered": 0.0, "percent_covered_display": "0", "missing_lines": 1, "excluded_lines": 0, "percent_statements_covered": 0.0, "percent_statements_covered_display": "0"}, "missing_lines": [63], "excluded_lines": [], "start_line": 62}, "BasePhysicalCircuit.__add__": {"executed_lines": [], "summary": {"covered_lines": 0, "num_statements": 1, "percent_covered": 0.0, "percent_covered_display": "0", "missing_lines": 1, "excluded_lines": 0, "percent_statements_covered": 0.0, "percent_statements_covered_display": "0"}, "missing_lines": [68], "excluded_lines": [], "start_line": 65}, "BasePhysicalCircuit.__iadd__": {"executed_lines": [], "summary": {"covered_lines": 0, "num_statements": 1, "percent_covered": 0.0, "percent_covered_display": "0", "missing_lines": 1, "excluded_lines": 0, "percent_statements_covered": 0.0, "percent_statements_covered_display": "0"}, "missing_lines": [73], "excluded_lines": [], "start_line": 70}, "BasePhysicalCircuit.from_circuit_tiling": {"executed_lines": [], "summary": {"covered_lines": 0, "num_statements": 21, "percent_covered": 0.0, "percent_covered_display": "0", "missing_lines": 21, "excluded_lines": 0, "percent_statements_covered": 0.0, "percent_statements_covered_display": "0"}, "missing_lines": [122, 125, 127, 128, 131, 132, 133, 135, 141, 142, 143, 144, 145, 147, 150, 151, 154, 156, 159, 161, 163], "excluded_lines": [], "start_line": 77}, "BasePhysicalCircuit.circuit": {"executed_lines": [], "summary": {"covered_lines": 0, "num_statements": 1, "percent_covered": 0.0, "percent_covered_display": "0", "missing_lines": 1, "excluded_lines": 0, "percent_statements_covered": 0.0, "percent_statements_covered_display": "0"}, "missing_lines": [170], "excluded_lines": [], "start_line": 168}, "BasePhysicalCircuit.depth": {"executed_lines": [], "summary": {"covered_lines": 0, "num_statements": 1, "percent_covered": 0.0, "percent_covered_display": "0", "missing_lines": 1, "excluded_lines": 0, "percent_statements_covered": 0.0, "percent_statements_covered_display": "0"}, "missing_lines": [176], "excluded_lines": [], "start_line": 174}, "BasePhysicalCircuit.qubit_labels": {"executed_lines": [], "summary": {"covered_lines": 0, "num_statements": 1, "percent_covered": 0.0, "percent_covered_display": "0", "missing_lines": 1, "excluded_lines": 0, "percent_statements_covered": 0.0, "percent_statements_covered_display": "0"}, "missing_lines": [188], "excluded_lines": [], "start_line": 180}, "BasePhysicalCircuit.append": {"executed_lines": [204, 205, 206], "summary": {"covered_lines": 3, "num_statements": 3, "percent_covered": 100.0, "percent_covered_display": "100", "missing_lines": 0, "excluded_lines": 0, "percent_statements_covered": 100.0, "percent_statements_covered_display": "100"}, "missing_lines": [], "excluded_lines": [], "start_line": 191}, "BasePhysicalCircuit.append_inplace": {"executed_lines": [216], "summary": {"covered_lines": 1, "num_statements": 1, "percent_covered": 100.0, "percent_covered_display": "100", "missing_lines": 0, "excluded_lines": 0, "percent_statements_covered": 100.0, "percent_statements_covered_display": "100"}, "missing_lines": [], "excluded_lines": [], "start_line": 208}, "BasePhysicalCircuit.copy": {"executed_lines": [], "summary": {"covered_lines": 0, "num_statements": 1, "percent_covered": 0.0, "percent_covered_display": "0", "missing_lines": 1, "excluded_lines": 0, "percent_statements_covered": 0.0, "percent_statements_covered_display": "0"}, "missing_lines": [227], "excluded_lines": [], "start_line": 219}, "BasePhysicalCircuit.delete_qubits": {"executed_lines": [244, 245, 246], "summary": {"covered_lines": 3, "num_statements": 3, "percent_covered": 100.0, "percent_covered_display": "100", "missing_lines": 0, "excluded_lines": 0, "percent_statements_covered": 100.0, "percent_statements_covered_display": "100"}, "missing_lines": [], "excluded_lines": [], "start_line": 229}, "BasePhysicalCircuit.delete_qubits_inplace": {"executed_lines": [], "summary": {"covered_lines": 0, "num_statements": 1, "percent_covered": 0.0, "percent_covered_display": "0", "missing_lines": 1, "excluded_lines": 0, "percent_statements_covered": 0.0, "percent_statements_covered_display": "0"}, "missing_lines": [257], "excluded_lines": [], "start_line": 249}, "BasePhysicalCircuit.get_possible_discrete_error_locations": {"executed_lines": [], "summary": {"covered_lines": 0, "num_statements": 1, "percent_covered": 0.0, "percent_covered_display": "0", "missing_lines": 1, "excluded_lines": 0, "percent_statements_covered": 0.0, "percent_statements_covered_display": "0"}, "missing_lines": [278], "excluded_lines": [], "start_line": 260}, "BasePhysicalCircuit.insert": {"executed_lines": [], "summary": {"covered_lines": 0, "num_statements": 3, "percent_covered": 0.0, "percent_covered_display": "0", "missing_lines": 3, "excluded_lines": 0, "percent_statements_covered": 0.0, "percent_statements_covered_display": "0"}, "missing_lines": [296, 297, 298], "excluded_lines": [], "start_line": 280}, "BasePhysicalCircuit.insert_inplace": {"executed_lines": [], "summary": {"covered_lines": 0, "num_statements": 1, "percent_covered": 0.0, "percent_covered_display": "0", "missing_lines": 1, "excluded_lines": 0, "percent_statements_covered": 0.0, "percent_statements_covered_display": "0"}, "missing_lines": [312], "excluded_lines": [], "start_line": 301}, "BasePhysicalCircuit.map_qubit_labels": {"executed_lines": [329, 330, 331], "summary": {"covered_lines": 3, "num_statements": 3, "percent_covered": 100.0, "percent_covered_display": "100", "missing_lines": 0, "excluded_lines": 0, "percent_statements_covered": 100.0, "percent_statements_covered_display": "100"}, "missing_lines": [], "excluded_lines": [], "start_line": 314}, "BasePhysicalCircuit.map_qubit_labels_inplace": {"executed_lines": [], "summary": {"covered_lines": 0, "num_statements": 1, "percent_covered": 0.0, "percent_covered_display": "0", "missing_lines": 1, "excluded_lines": 0, "percent_statements_covered": 0.0, "percent_statements_covered_display": "0"}, "missing_lines": [343], "excluded_lines": [], "start_line": 334}, "BasePhysicalCircuit.merge": {"executed_lines": [], "summary": {"covered_lines": 0, "num_statements": 3, "percent_covered": 0.0, "percent_covered_display": "0", "missing_lines": 3, "excluded_lines": 0, "percent_statements_covered": 0.0, "percent_statements_covered_display": "0"}, "missing_lines": [361, 362, 363], "excluded_lines": [], "start_line": 345}, "BasePhysicalCircuit.merge_inplace": {"executed_lines": [], "summary": {"covered_lines": 0, "num_statements": 1, "percent_covered": 0.0, "percent_covered_display": "0", "missing_lines": 1, "excluded_lines": 0, "percent_statements_covered": 0.0, "percent_statements_covered_display": "0"}, "missing_lines": [381], "excluded_lines": [], "start_line": 366}, "BasePhysicalCircuit.pad_single_qubit_idles": {"executed_lines": [396, 397, 398], "summary": {"covered_lines": 3, "num_statements": 3, "percent_covered": 100.0, "percent_covered_display": "100", "missing_lines": 0, "excluded_lines": 0, "percent_statements_covered": 100.0, "percent_statements_covered_display": "100"}, "missing_lines": [], "excluded_lines": [], "start_line": 383}, "BasePhysicalCircuit.pad_single_qubit_idles_inplace": {"executed_lines": [409], "summary": {"covered_lines": 1, "num_statements": 1, "percent_covered": 100.0, "percent_covered_display": "100", "missing_lines": 0, "excluded_lines": 0, "percent_statements_covered": 100.0, "percent_statements_covered_display": "100"}, "missing_lines": [], "excluded_lines": [], "start_line": 400}, "BasePhysicalCircuit.pad_single_qubit_idles_by_duration": {"executed_lines": [], "summary": {"covered_lines": 0, "num_statements": 3, "percent_covered": 0.0, "percent_covered_display": "0", "missing_lines": 3, "excluded_lines": 0, "percent_statements_covered": 0.0, "percent_statements_covered_display": "0"}, "missing_lines": [441, 442, 448], "excluded_lines": [], "start_line": 413}, "BasePhysicalCircuit.pad_single_qubit_idles_by_duration_inplace": {"executed_lines": [], "summary": {"covered_lines": 0, "num_statements": 1, "percent_covered": 0.0, "percent_covered_display": "0", "missing_lines": 1, "excluded_lines": 0, "percent_statements_covered": 0.0, "percent_statements_covered_display": "0"}, "missing_lines": [479], "excluded_lines": [], "start_line": 451}, "BasePhysicalCircuit.set_qubit_labels": {"executed_lines": [496, 497, 498], "summary": {"covered_lines": 3, "num_statements": 3, "percent_covered": 100.0, "percent_covered_display": "100", "missing_lines": 0, "excluded_lines": 0, "percent_statements_covered": 100.0, "percent_statements_covered_display": "100"}, "missing_lines": [], "excluded_lines": [], "start_line": 481}, "BasePhysicalCircuit.set_qubit_labels_inplace": {"executed_lines": [], "summary": {"covered_lines": 0, "num_statements": 1, "percent_covered": 0.0, "percent_covered_display": "0", "missing_lines": 1, "excluded_lines": 0, "percent_statements_covered": 0.0, "percent_statements_covered_display": "0"}, "missing_lines": [514], "excluded_lines": [], "start_line": 501}, "BasePhysicalCircuit._deserialize_circuit": {"executed_lines": [], "summary": {"covered_lines": 0, "num_statements": 1, "percent_covered": 0.0, "percent_covered_display": "0", "missing_lines": 1, "excluded_lines": 0, "percent_statements_covered": 0.0, "percent_statements_covered_display": "0"}, "missing_lines": [528], "excluded_lines": [], "start_line": 518}, "BasePhysicalCircuit._serialize_circuit": {"executed_lines": [], "summary": {"covered_lines": 0, "num_statements": 1, "percent_covered": 0.0, "percent_covered_display": "0", "missing_lines": 1, "excluded_lines": 0, "percent_statements_covered": 0.0, "percent_statements_covered_display": "0"}, "missing_lines": [537], "excluded_lines": [], "start_line": 531}, "BasePhysicalCircuit.get_encoding_attr": {"executed_lines": [], "summary": {"covered_lines": 0, "num_statements": 3, "percent_covered": 0.0, "percent_covered_display": "0", "missing_lines": 3, "excluded_lines": 0, "percent_statements_covered": 0.0, "percent_statements_covered_display": "0"}, "missing_lines": [540, 541, 542], "excluded_lines": [], "start_line": 539}, "BasePhysicalCircuit.from_decoded_attrs": {"executed_lines": [546, 547, 548], "summary": {"covered_lines": 3, "num_statements": 3, "percent_covered": 100.0, "percent_covered_display": "100", "missing_lines": 0, "excluded_lines": 0, "percent_statements_covered": 100.0, "percent_statements_covered_display": "100"}, "missing_lines": [], "excluded_lines": [], "start_line": 545}, "": {"executed_lines": [13, 15, 16, 17, 18, 20, 24, 27, 31, 32, 34, 36, 39, 40, 57, 62, 65, 70, 76, 77, 166, 167, 168, 172, 173, 174, 178, 179, 180, 191, 208, 218, 219, 229, 248, 249, 259, 260, 280, 300, 301, 314, 333, 334, 345, 365, 366, 383, 400, 413, 450, 451, 481, 500, 501, 516, 517, 518, 530, 531, 539, 544, 545], "summary": {"covered_lines": 63, "num_statements": 63, "percent_covered": 100.0, "percent_covered_display": "100", "missing_lines": 0, "excluded_lines": 0, "percent_statements_covered": 100.0, "percent_statements_covered_display": "100"}, "missing_lines": [], "excluded_lines": [], "start_line": 1}}, "classes": {"BasePhysicalCircuit": {"executed_lines": [54, 55, 204, 205, 206, 216, 244, 245, 246, 329, 330, 331, 396, 397, 398, 409, 496, 497, 498, 546, 547, 548], "summary": {"covered_lines": 22, "num_statements": 74, "percent_covered": 29.72972972972973, "percent_covered_display": "30", "missing_lines": 52, "excluded_lines": 0, "percent_statements_covered": 29.72972972972973, "percent_statements_covered_display": "30"}, "missing_lines": [58, 59, 60, 63, 68, 73, 122, 125, 127, 128, 131, 132, 133, 135, 141, 142, 143, 144, 145, 147, 150, 151, 154, 156, 159, 161, 163, 170, 176, 188, 227, 257, 278, 296, 297, 298, 312, 343, 361, 362, 363, 381, 441, 442, 448, 479, 514, 528, 537, 540, 541, 542], "excluded_lines": [], "start_line": 27}, "": {"executed_lines": [13, 15, 16, 17, 18, 20, 24, 27, 31, 32, 34, 36, 39, 40, 57, 62, 65, 70, 76, 77, 166, 167, 168, 172, 173, 174, 178, 179, 180, 191, 208, 218, 219, 229, 248, 249, 259, 260, 280, 300, 301, 314, 333, 334, 345, 365, 366, 383, 400, 413, 450, 451, 481, 500, 501, 516, 517, 518, 530, 531, 539, 544, 545], "summary": {"covered_lines": 63, "num_statements": 63, "percent_covered": 100.0, "percent_covered_display": "100", "missing_lines": 0, "excluded_lines": 0, "percent_statements_covered": 100.0, "percent_statements_covered_display": "100"}, "missing_lines": [], "excluded_lines": [], "start_line": 1}}}, "loqs/backends/circuit/listcircuit.py": {"executed_lines": [13, 15, 16, 18, 22, 23, 25, 26, 28, 29, 32, 35, 39, 42, 43, 46, 47, 49, 54, 56, 57, 61, 62, 63, 64, 65, 68, 69, 71, 72, 73, 74, 75, 76, 77, 79, 80, 83, 84, 86, 87, 88, 89, 90, 92, 94, 95, 98, 105, 106, 108, 110, 111, 113, 115, 117, 118, 120, 122, 124, 126, 127, 128, 130, 131, 132, 134, 135, 136, 138, 139, 141, 144, 145, 146, 147, 148, 149, 150, 151, 153, 154, 155, 156, 157, 159, 184, 185, 186, 190, 194, 198, 199, 200, 201, 202, 206, 207, 208, 210, 212, 213, 216, 217, 218, 221, 222, 225, 226, 229, 236, 238, 239, 240, 241, 242, 246, 247, 249, 251, 252, 255, 260, 263, 264, 265, 267, 270, 272, 273, 285, 286, 288], "summary": {"covered_lines": 133, "num_statements": 151, "percent_covered": 88.0794701986755, "percent_covered_display": "88", "missing_lines": 18, "excluded_lines": 0, "percent_statements_covered": 88.0794701986755, "percent_statements_covered_display": "88"}, "missing_lines": [58, 59, 81, 82, 162, 163, 164, 165, 166, 167, 179, 182, 227, 243, 256, 257, 258, 295], "excluded_lines": [], "functions": {"ListPhysicalCircuit.__init__": {"executed_lines": [54, 56, 57, 61, 62, 63, 64, 65, 68, 69, 71, 72, 73, 74, 75, 76, 77, 79, 80, 83, 84, 86, 87, 88, 89, 90, 92, 94, 95, 98, 105, 106, 108, 110, 111, 113, 115, 117, 118, 120, 122], "summary": {"covered_lines": 41, "num_statements": 45, "percent_covered": 91.11111111111111, "percent_covered_display": "91", "missing_lines": 4, "excluded_lines": 0, "percent_statements_covered": 91.11111111111111, "percent_statements_covered_display": "91"}, "missing_lines": [58, 59, 81, 82], "excluded_lines": [], "start_line": 49}, "ListPhysicalCircuit.circuit": {"executed_lines": [128], "summary": {"covered_lines": 1, "num_statements": 1, "percent_covered": 100.0, "percent_covered_display": "100", "missing_lines": 0, "excluded_lines": 0, "percent_statements_covered": 100.0, "percent_statements_covered_display": "100"}, "missing_lines": [], "excluded_lines": [], "start_line": 127}, "ListPhysicalCircuit.depth": {"executed_lines": [132], "summary": {"covered_lines": 1, "num_statements": 1, "percent_covered": 100.0, "percent_covered_display": "100", "missing_lines": 0, "excluded_lines": 0, "percent_statements_covered": 100.0, "percent_statements_covered_display": "100"}, "missing_lines": [], "excluded_lines": [], "start_line": 131}, "ListPhysicalCircuit.qubit_labels": {"executed_lines": [136], "summary": {"covered_lines": 1, "num_statements": 1, "percent_covered": 100.0, "percent_covered_display": "100", "missing_lines": 0, "excluded_lines": 0, "percent_statements_covered": 100.0, "percent_statements_covered_display": "100"}, "missing_lines": [], "excluded_lines": [], "start_line": 135}, "ListPhysicalCircuit.copy": {"executed_lines": [139], "summary": {"covered_lines": 1, "num_statements": 1, "percent_covered": 100.0, "percent_covered_display": "100", "missing_lines": 0, "excluded_lines": 0, "percent_statements_covered": 100.0, "percent_statements_covered_display": "100"}, "missing_lines": [], "excluded_lines": [], "start_line": 138}, "ListPhysicalCircuit.delete_qubits_inplace": {"executed_lines": [144, 145, 146, 147, 148, 149, 150, 151, 153, 154, 155, 156, 157], "summary": {"covered_lines": 13, "num_statements": 13, "percent_covered": 100.0, "percent_covered_display": "100", "missing_lines": 0, "excluded_lines": 0, "percent_statements_covered": 100.0, "percent_statements_covered_display": "100"}, "missing_lines": [], "excluded_lines": [], "start_line": 141}, "ListPhysicalCircuit.get_possible_discrete_error_locations": {"executed_lines": [], "summary": {"covered_lines": 0, "num_statements": 8, "percent_covered": 0.0, "percent_covered_display": "0", "missing_lines": 8, "excluded_lines": 0, "percent_statements_covered": 0.0, "percent_statements_covered_display": "0"}, "missing_lines": [162, 163, 164, 165, 166, 167, 179, 182], "excluded_lines": [], "start_line": 159}, "ListPhysicalCircuit.insert_inplace": {"executed_lines": [185, 186], "summary": {"covered_lines": 2, "num_statements": 2, "percent_covered": 100.0, "percent_covered_display": "100", "missing_lines": 0, "excluded_lines": 0, "percent_statements_covered": 100.0, "percent_statements_covered_display": "100"}, "missing_lines": [], "excluded_lines": [], "start_line": 184}, "ListPhysicalCircuit.map_qubit_labels_inplace": {"executed_lines": [194, 198, 199, 200, 201, 202, 206, 207, 208, 210], "summary": {"covered_lines": 10, "num_statements": 10, "percent_covered": 100.0, "percent_covered_display": "100", "missing_lines": 0, "excluded_lines": 0, "percent_statements_covered": 100.0, "percent_statements_covered_display": "100"}, "missing_lines": [], "excluded_lines": [], "start_line": 190}, "ListPhysicalCircuit.merge_inplace": {"executed_lines": [213, 216, 217, 218, 221, 222, 225, 226], "summary": {"covered_lines": 8, "num_statements": 9, "percent_covered": 88.88888888888889, "percent_covered_display": "89", "missing_lines": 1, "excluded_lines": 0, "percent_statements_covered": 88.88888888888889, "percent_statements_covered_display": "89"}, "missing_lines": [227], "excluded_lines": [], "start_line": 212}, "ListPhysicalCircuit.pad_single_qubit_idles_by_duration_inplace": {"executed_lines": [236, 238, 239, 240, 241, 242, 246, 247, 249, 251, 252, 255, 260, 263, 264, 265], "summary": {"covered_lines": 16, "num_statements": 20, "percent_covered": 80.0, "percent_covered_display": "80", "missing_lines": 4, "excluded_lines": 0, "percent_statements_covered": 80.0, "percent_statements_covered_display": "80"}, "missing_lines": [243, 256, 257, 258], "excluded_lines": [], "start_line": 229}, "ListPhysicalCircuit.set_qubit_labels_inplace": {"executed_lines": [270], "summary": {"covered_lines": 1, "num_statements": 1, "percent_covered": 100.0, "percent_covered_display": "100", "missing_lines": 0, "excluded_lines": 0, "percent_statements_covered": 100.0, "percent_statements_covered_display": "100"}, "missing_lines": [], "excluded_lines": [], "start_line": 267}, "ListPhysicalCircuit._deserialize_circuit": {"executed_lines": [285, 286], "summary": {"covered_lines": 2, "num_statements": 2, "percent_covered": 100.0, "percent_covered_display": "100", "missing_lines": 0, "excluded_lines": 0, "percent_statements_covered": 100.0, "percent_statements_covered_display": "100"}, "missing_lines": [], "excluded_lines": [], "start_line": 273}, "ListPhysicalCircuit._serialize_circuit": {"executed_lines": [], "summary": {"covered_lines": 0, "num_statements": 1, "percent_covered": 0.0, "percent_covered_display": "0", "missing_lines": 1, "excluded_lines": 0, "percent_statements_covered": 0.0, "percent_statements_covered_display": "0"}, "missing_lines": [295], "excluded_lines": [], "start_line": 288}, "": {"executed_lines": [13, 15, 16, 18, 22, 23, 25, 26, 28, 29, 32, 35, 39, 42, 43, 46, 47, 49, 124, 126, 127, 130, 131, 134, 135, 138, 141, 159, 184, 190, 212, 229, 267, 272, 273, 288], "summary": {"covered_lines": 36, "num_statements": 36, "percent_covered": 100.0, "percent_covered_display": "100", "missing_lines": 0, "excluded_lines": 0, "percent_statements_covered": 100.0, "percent_statements_covered_display": "100"}, "missing_lines": [], "excluded_lines": [], "start_line": 1}}, "classes": {"ListPhysicalCircuit": {"executed_lines": [54, 56, 57, 61, 62, 63, 64, 65, 68, 69, 71, 72, 73, 74, 75, 76, 77, 79, 80, 83, 84, 86, 87, 88, 89, 90, 92, 94, 95, 98, 105, 106, 108, 110, 111, 113, 115, 117, 118, 120, 122, 128, 132, 136, 139, 144, 145, 146, 147, 148, 149, 150, 151, 153, 154, 155, 156, 157, 185, 186, 194, 198, 199, 200, 201, 202, 206, 207, 208, 210, 213, 216, 217, 218, 221, 222, 225, 226, 236, 238, 239, 240, 241, 242, 246, 247, 249, 251, 252, 255, 260, 263, 264, 265, 270, 285, 286], "summary": {"covered_lines": 97, "num_statements": 115, "percent_covered": 84.34782608695652, "percent_covered_display": "84", "missing_lines": 18, "excluded_lines": 0, "percent_statements_covered": 84.34782608695652, "percent_statements_covered_display": "84"}, "missing_lines": [58, 59, 81, 82, 162, 163, 164, 165, 166, 167, 179, 182, 227, 243, 256, 257, 258, 295], "excluded_lines": [], "start_line": 39}, "": {"executed_lines": [13, 15, 16, 18, 22, 23, 25, 26, 28, 29, 32, 35, 39, 42, 43, 46, 47, 49, 124, 126, 127, 130, 131, 134, 135, 138, 141, 159, 184, 190, 212, 229, 267, 272, 273, 288], "summary": {"covered_lines": 36, "num_statements": 36, "percent_covered": 100.0, "percent_covered_display": "100", "missing_lines": 0, "excluded_lines": 0, "percent_statements_covered": 100.0, "percent_statements_covered_display": "100"}, "missing_lines": [], "excluded_lines": [], "start_line": 1}}}, "loqs/backends/circuit/pygsticircuit.py": {"executed_lines": [13, 15, 16, 18, 19, 28, 29, 30, 36, 37, 39, 40, 50, 51, 53, 56, 64, 67, 72, 74, 79, 80, 81, 82, 83, 86, 92, 93, 94, 95, 99, 101, 103, 105, 106, 107, 109, 110, 111, 113, 114, 115, 117, 118, 120, 123, 125, 128, 129, 130, 131, 138, 144, 146, 147, 148, 150, 154, 158, 160, 161, 162, 165, 166, 169, 170, 175, 177, 184, 185, 188, 189, 190, 191, 193, 194, 196, 197, 201, 202, 204, 206, 207, 210, 211, 212, 215, 218, 219, 220, 223, 225, 240, 242, 243, 295], "summary": {"covered_lines": 96, "num_statements": 128, "percent_covered": 75.0, "percent_covered_display": "75", "missing_lines": 32, "excluded_lines": 3, "percent_statements_covered": 75.0, "percent_statements_covered_display": "75"}, "missing_lines": [31, 32, 33, 75, 87, 88, 132, 133, 136, 198, 213, 255, 256, 257, 259, 260, 262, 268, 269, 271, 272, 273, 274, 277, 278, 279, 280, 285, 288, 291, 293, 302], "excluded_lines": [22, 24, 25], "functions": {"PyGSTiPhysicalCircuit.__init__": {"executed_lines": [72, 74, 79, 80, 81, 82, 83, 86, 92, 93, 94, 95, 99, 101], "summary": {"covered_lines": 14, "num_statements": 17, "percent_covered": 82.3529411764706, "percent_covered_display": "82", "missing_lines": 3, "excluded_lines": 0, "percent_statements_covered": 82.3529411764706, "percent_statements_covered_display": "82"}, "missing_lines": [75, 87, 88], "excluded_lines": [], "start_line": 67}, "PyGSTiPhysicalCircuit.circuit": {"executed_lines": [107], "summary": {"covered_lines": 1, "num_statements": 1, "percent_covered": 100.0, "percent_covered_display": "100", "missing_lines": 0, "excluded_lines": 0, "percent_statements_covered": 100.0, "percent_statements_covered_display": "100"}, "missing_lines": [], "excluded_lines": [], "start_line": 106}, "PyGSTiPhysicalCircuit.depth": {"executed_lines": [111], "summary": {"covered_lines": 1, "num_statements": 1, "percent_covered": 100.0, "percent_covered_display": "100", "missing_lines": 0, "excluded_lines": 0, "percent_statements_covered": 100.0, "percent_statements_covered_display": "100"}, "missing_lines": [], "excluded_lines": [], "start_line": 110}, "PyGSTiPhysicalCircuit.qubit_labels": {"executed_lines": [115], "summary": {"covered_lines": 1, "num_statements": 1, "percent_covered": 100.0, "percent_covered_display": "100", "missing_lines": 0, "excluded_lines": 0, "percent_statements_covered": 100.0, "percent_statements_covered_display": "100"}, "missing_lines": [], "excluded_lines": [], "start_line": 114}, "PyGSTiPhysicalCircuit.copy": {"executed_lines": [118], "summary": {"covered_lines": 1, "num_statements": 1, "percent_covered": 100.0, "percent_covered_display": "100", "missing_lines": 0, "excluded_lines": 0, "percent_statements_covered": 100.0, "percent_statements_covered_display": "100"}, "missing_lines": [], "excluded_lines": [], "start_line": 117}, "PyGSTiPhysicalCircuit.delete_qubits_inplace": {"executed_lines": [123], "summary": {"covered_lines": 1, "num_statements": 1, "percent_covered": 100.0, "percent_covered_display": "100", "missing_lines": 0, "excluded_lines": 0, "percent_statements_covered": 100.0, "percent_statements_covered_display": "100"}, "missing_lines": [], "excluded_lines": [], "start_line": 120}, "PyGSTiPhysicalCircuit.get_possible_discrete_error_locations": {"executed_lines": [128, 129, 130, 131, 138, 144], "summary": {"covered_lines": 6, "num_statements": 9, "percent_covered": 66.66666666666667, "percent_covered_display": "67", "missing_lines": 3, "excluded_lines": 0, "percent_statements_covered": 66.66666666666667, "percent_statements_covered_display": "67"}, "missing_lines": [132, 133, 136], "excluded_lines": [], "start_line": 125}, "PyGSTiPhysicalCircuit.insert_inplace": {"executed_lines": [147, 148], "summary": {"covered_lines": 2, "num_statements": 2, "percent_covered": 100.0, "percent_covered_display": "100", "missing_lines": 0, "excluded_lines": 0, "percent_statements_covered": 100.0, "percent_statements_covered_display": "100"}, "missing_lines": [], "excluded_lines": [], "start_line": 146}, "PyGSTiPhysicalCircuit.map_qubit_labels_inplace": {"executed_lines": [154, 158], "summary": {"covered_lines": 2, "num_statements": 2, "percent_covered": 100.0, "percent_covered_display": "100", "missing_lines": 0, "excluded_lines": 0, "percent_statements_covered": 100.0, "percent_statements_covered_display": "100"}, "missing_lines": [], "excluded_lines": [], "start_line": 150}, "PyGSTiPhysicalCircuit.merge_inplace": {"executed_lines": [161, 162, 165, 166, 169, 170, 175], "summary": {"covered_lines": 7, "num_statements": 7, "percent_covered": 100.0, "percent_covered_display": "100", "missing_lines": 0, "excluded_lines": 0, "percent_statements_covered": 100.0, "percent_statements_covered_display": "100"}, "missing_lines": [], "excluded_lines": [], "start_line": 160}, "PyGSTiPhysicalCircuit.pad_single_qubit_idles_by_duration_inplace": {"executed_lines": [184, 185, 188, 189, 190, 191, 193, 194, 196, 197, 201, 202, 204, 206, 207, 210, 211, 212, 215, 218, 219, 220, 223], "summary": {"covered_lines": 23, "num_statements": 25, "percent_covered": 92.0, "percent_covered_display": "92", "missing_lines": 2, "excluded_lines": 0, "percent_statements_covered": 92.0, "percent_statements_covered_display": "92"}, "missing_lines": [198, 213], "excluded_lines": [], "start_line": 177}, "PyGSTiPhysicalCircuit.set_qubit_labels_inplace": {"executed_lines": [240], "summary": {"covered_lines": 1, "num_statements": 1, "percent_covered": 100.0, "percent_covered_display": "100", "missing_lines": 0, "excluded_lines": 0, "percent_statements_covered": 100.0, "percent_statements_covered_display": "100"}, "missing_lines": [], "excluded_lines": [], "start_line": 225}, "PyGSTiPhysicalCircuit._deserialize_circuit": {"executed_lines": [], "summary": {"covered_lines": 0, "num_statements": 20, "percent_covered": 0.0, "percent_covered_display": "0", "missing_lines": 20, "excluded_lines": 0, "percent_statements_covered": 0.0, "percent_statements_covered_display": "0"}, "missing_lines": [255, 256, 257, 259, 260, 262, 268, 269, 271, 272, 273, 274, 277, 278, 279, 280, 285, 288, 291, 293], "excluded_lines": [], "start_line": 243}, "PyGSTiPhysicalCircuit._serialize_circuit": {"executed_lines": [], "summary": {"covered_lines": 0, "num_statements": 1, "percent_covered": 0.0, "percent_covered_display": "0", "missing_lines": 1, "excluded_lines": 0, "percent_statements_covered": 0.0, "percent_statements_covered_display": "0"}, "missing_lines": [302], "excluded_lines": [], "start_line": 295}, "": {"executed_lines": [13, 15, 16, 18, 19, 28, 29, 30, 36, 37, 39, 40, 50, 51, 53, 56, 64, 67, 103, 105, 106, 109, 110, 113, 114, 117, 120, 125, 146, 150, 160, 177, 225, 242, 243, 295], "summary": {"covered_lines": 36, "num_statements": 39, "percent_covered": 92.3076923076923, "percent_covered_display": "92", "missing_lines": 3, "excluded_lines": 3, "percent_statements_covered": 92.3076923076923, "percent_statements_covered_display": "92"}, "missing_lines": [31, 32, 33], "excluded_lines": [22, 24, 25], "start_line": 1}}, "classes": {"PyGSTiPhysicalCircuit": {"executed_lines": [72, 74, 79, 80, 81, 82, 83, 86, 92, 93, 94, 95, 99, 101, 107, 111, 115, 118, 123, 128, 129, 130, 131, 138, 144, 147, 148, 154, 158, 161, 162, 165, 166, 169, 170, 175, 184, 185, 188, 189, 190, 191, 193, 194, 196, 197, 201, 202, 204, 206, 207, 210, 211, 212, 215, 218, 219, 220, 223, 240], "summary": {"covered_lines": 60, "num_statements": 89, "percent_covered": 67.41573033707866, "percent_covered_display": "67", "missing_lines": 29, "excluded_lines": 0, "percent_statements_covered": 67.41573033707866, "percent_statements_covered_display": "67"}, "missing_lines": [75, 87, 88, 132, 133, 136, 198, 213, 255, 256, 257, 259, 260, 262, 268, 269, 271, 272, 273, 274, 277, 278, 279, 280, 285, 288, 291, 293, 302], "excluded_lines": [], "start_line": 64}, "": {"executed_lines": [13, 15, 16, 18, 19, 28, 29, 30, 36, 37, 39, 40, 50, 51, 53, 56, 64, 67, 103, 105, 106, 109, 110, 113, 114, 117, 120, 125, 146, 150, 160, 177, 225, 242, 243, 295], "summary": {"covered_lines": 36, "num_statements": 39, "percent_covered": 92.3076923076923, "percent_covered_display": "92", "missing_lines": 3, "excluded_lines": 3, "percent_statements_covered": 92.3076923076923, "percent_statements_covered_display": "92"}, "missing_lines": [31, 32, 33], "excluded_lines": [22, 24, 25], "start_line": 1}}}, "loqs/backends/circuit/stimcircuit.py": {"executed_lines": [13, 15, 16, 17, 18, 20, 28, 29, 34, 35, 37, 38, 42, 45, 46, 49, 50, 52, 61, 68, 88, 91, 119, 127, 144, 151, 165, 172, 175, 181, 185, 191, 196, 199, 200, 201, 212, 213, 218, 219, 223, 224, 226, 228, 233, 234, 235, 237, 238, 241, 242, 243, 244, 246, 249, 277, 307, 333, 346, 385, 438, 441, 443, 444, 459, 468, 469, 470, 472, 473, 474, 475, 477, 479, 486, 487, 506], "summary": {"covered_lines": 77, "num_statements": 191, "percent_covered": 40.31413612565445, "percent_covered_display": "40", "missing_lines": 114, "excluded_lines": 2, "percent_statements_covered": 40.31413612565445, "percent_statements_covered_display": "40"}, "missing_lines": [30, 31, 192, 197, 198, 202, 203, 204, 205, 206, 210, 214, 229, 230, 231, 239, 247, 252, 256, 257, 258, 259, 261, 262, 264, 267, 269, 271, 272, 273, 274, 275, 280, 281, 282, 283, 284, 285, 287, 291, 292, 294, 295, 302, 305, 322, 324, 325, 326, 327, 329, 337, 344, 364, 366, 367, 370, 371, 372, 375, 376, 378, 381, 382, 383, 393, 394, 396, 397, 398, 399, 400, 401, 403, 404, 405, 408, 409, 411, 413, 414, 417, 418, 419, 420, 422, 425, 428, 429, 430, 431, 434, 436, 456, 457, 466, 476, 480, 481, 482, 483, 484, 488, 489, 491, 492, 493, 494, 497, 498, 499, 500, 503, 504], "excluded_lines": [23, 25], "functions": {"STIMPhysicalCircuit.__init__": {"executed_lines": [191, 196, 199, 200, 201, 212, 213, 218, 219, 223, 224], "summary": {"covered_lines": 11, "num_statements": 21, "percent_covered": 52.38095238095238, "percent_covered_display": "52", "missing_lines": 10, "excluded_lines": 0, "percent_statements_covered": 52.38095238095238, "percent_statements_covered_display": "52"}, "missing_lines": [192, 197, 198, 202, 203, 204, 205, 206, 210, 214], "excluded_lines": [], "start_line": 185}, "STIMPhysicalCircuit.__str__": {"executed_lines": [], "summary": {"covered_lines": 0, "num_statements": 3, "percent_covered": 0.0, "percent_covered_display": "0", "missing_lines": 3, "excluded_lines": 0, "percent_statements_covered": 0.0, "percent_statements_covered_display": "0"}, "missing_lines": [229, 230, 231], "excluded_lines": [], "start_line": 228}, "STIMPhysicalCircuit.circuit": {"executed_lines": [235], "summary": {"covered_lines": 1, "num_statements": 1, "percent_covered": 100.0, "percent_covered_display": "100", "missing_lines": 0, "excluded_lines": 0, "percent_statements_covered": 100.0, "percent_statements_covered_display": "100"}, "missing_lines": [], "excluded_lines": [], "start_line": 234}, "STIMPhysicalCircuit.depth": {"executed_lines": [], "summary": {"covered_lines": 0, "num_statements": 1, "percent_covered": 0.0, "percent_covered_display": "0", "missing_lines": 1, "excluded_lines": 0, "percent_statements_covered": 0.0, "percent_statements_covered_display": "0"}, "missing_lines": [239], "excluded_lines": [], "start_line": 238}, "STIMPhysicalCircuit.qubit_labels": {"executed_lines": [243, 244], "summary": {"covered_lines": 2, "num_statements": 2, "percent_covered": 100.0, "percent_covered_display": "100", "missing_lines": 0, "excluded_lines": 0, "percent_statements_covered": 100.0, "percent_statements_covered_display": "100"}, "missing_lines": [], "excluded_lines": [], "start_line": 242}, "STIMPhysicalCircuit.copy": {"executed_lines": [], "summary": {"covered_lines": 0, "num_statements": 1, "percent_covered": 0.0, "percent_covered_display": "0", "missing_lines": 1, "excluded_lines": 0, "percent_statements_covered": 0.0, "percent_statements_covered_display": "0"}, "missing_lines": [247], "excluded_lines": [], "start_line": 246}, "STIMPhysicalCircuit.delete_qubits_inplace": {"executed_lines": [], "summary": {"covered_lines": 0, "num_statements": 15, "percent_covered": 0.0, "percent_covered_display": "0", "missing_lines": 15, "excluded_lines": 0, "percent_statements_covered": 0.0, "percent_statements_covered_display": "0"}, "missing_lines": [252, 256, 257, 258, 259, 261, 262, 264, 267, 269, 271, 272, 273, 274, 275], "excluded_lines": [], "start_line": 249}, "STIMPhysicalCircuit.get_possible_discrete_error_locations": {"executed_lines": [], "summary": {"covered_lines": 0, "num_statements": 13, "percent_covered": 0.0, "percent_covered_display": "0", "missing_lines": 13, "excluded_lines": 0, "percent_statements_covered": 0.0, "percent_statements_covered_display": "0"}, "missing_lines": [280, 281, 282, 283, 284, 285, 287, 291, 292, 294, 295, 302, 305], "excluded_lines": [], "start_line": 277}, "STIMPhysicalCircuit.insert_inplace": {"executed_lines": [], "summary": {"covered_lines": 0, "num_statements": 6, "percent_covered": 0.0, "percent_covered_display": "0", "missing_lines": 6, "excluded_lines": 0, "percent_statements_covered": 0.0, "percent_statements_covered_display": "0"}, "missing_lines": [322, 324, 325, 326, 327, 329], "excluded_lines": [], "start_line": 307}, "STIMPhysicalCircuit.map_qubit_labels_inplace": {"executed_lines": [], "summary": {"covered_lines": 0, "num_statements": 2, "percent_covered": 0.0, "percent_covered_display": "0", "missing_lines": 2, "excluded_lines": 0, "percent_statements_covered": 0.0, "percent_statements_covered_display": "0"}, "missing_lines": [337, 344], "excluded_lines": [], "start_line": 333}, "STIMPhysicalCircuit.merge_inplace": {"executed_lines": [], "summary": {"covered_lines": 0, "num_statements": 12, "percent_covered": 0.0, "percent_covered_display": "0", "missing_lines": 12, "excluded_lines": 0, "percent_statements_covered": 0.0, "percent_statements_covered_display": "0"}, "missing_lines": [364, 366, 367, 370, 371, 372, 375, 376, 378, 381, 382, 383], "excluded_lines": [], "start_line": 346}, "STIMPhysicalCircuit.pad_single_qubit_idles_by_duration_inplace": {"executed_lines": [], "summary": {"covered_lines": 0, "num_statements": 28, "percent_covered": 0.0, "percent_covered_display": "0", "missing_lines": 28, "excluded_lines": 0, "percent_statements_covered": 0.0, "percent_statements_covered_display": "0"}, "missing_lines": [393, 394, 396, 397, 398, 399, 400, 401, 403, 404, 405, 408, 409, 411, 413, 414, 417, 418, 419, 420, 422, 425, 428, 429, 430, 431, 434, 436], "excluded_lines": [], "start_line": 385}, "STIMPhysicalCircuit.set_qubit_labels_inplace": {"executed_lines": [441], "summary": {"covered_lines": 1, "num_statements": 1, "percent_covered": 100.0, "percent_covered_display": "100", "missing_lines": 0, "excluded_lines": 0, "percent_statements_covered": 100.0, "percent_statements_covered_display": "100"}, "missing_lines": [], "excluded_lines": [], "start_line": 438}, "STIMPhysicalCircuit._deserialize_circuit": {"executed_lines": [], "summary": {"covered_lines": 0, "num_statements": 2, "percent_covered": 0.0, "percent_covered_display": "0", "missing_lines": 2, "excluded_lines": 0, "percent_statements_covered": 0.0, "percent_statements_covered_display": "0"}, "missing_lines": [456, 457], "excluded_lines": [], "start_line": 444}, "STIMPhysicalCircuit._serialize_circuit": {"executed_lines": [], "summary": {"covered_lines": 0, "num_statements": 1, "percent_covered": 0.0, "percent_covered_display": "0", "missing_lines": 1, "excluded_lines": 0, "percent_statements_covered": 0.0, "percent_statements_covered_display": "0"}, "missing_lines": [466], "excluded_lines": [], "start_line": 459}, "STIMPhysicalCircuit._unroll_repeats": {"executed_lines": [469, 470, 472, 479, 486, 487, 506], "summary": {"covered_lines": 7, "num_statements": 19, "percent_covered": 36.8421052631579, "percent_covered_display": "37", "missing_lines": 12, "excluded_lines": 0, "percent_statements_covered": 36.8421052631579, "percent_statements_covered_display": "37"}, "missing_lines": [488, 489, 491, 492, 493, 494, 497, 498, 499, 500, 503, 504], "excluded_lines": [], "start_line": 468}, "STIMPhysicalCircuit._unroll_repeats.find_first_repeat_start": {"executed_lines": [473, 474, 475, 477], "summary": {"covered_lines": 4, "num_statements": 5, "percent_covered": 80.0, "percent_covered_display": "80", "missing_lines": 1, "excluded_lines": 0, "percent_statements_covered": 80.0, "percent_statements_covered_display": "80"}, "missing_lines": [476], "excluded_lines": [], "start_line": 472}, "STIMPhysicalCircuit._unroll_repeats.find_last_repeat_end": {"executed_lines": [], "summary": {"covered_lines": 0, "num_statements": 5, "percent_covered": 0.0, "percent_covered_display": "0", "missing_lines": 5, "excluded_lines": 0, "percent_statements_covered": 0.0, "percent_statements_covered_display": "0"}, "missing_lines": [480, 481, 482, 483, 484], "excluded_lines": [], "start_line": 479}, "": {"executed_lines": [13, 15, 16, 17, 18, 20, 28, 29, 34, 35, 37, 38, 42, 45, 46, 49, 50, 52, 61, 68, 88, 91, 119, 127, 144, 151, 165, 172, 175, 181, 185, 226, 228, 233, 234, 237, 238, 241, 242, 246, 249, 277, 307, 333, 346, 385, 438, 443, 444, 459, 468], "summary": {"covered_lines": 51, "num_statements": 53, "percent_covered": 96.22641509433963, "percent_covered_display": "96", "missing_lines": 2, "excluded_lines": 2, "percent_statements_covered": 96.22641509433963, "percent_statements_covered_display": "96"}, "missing_lines": [30, 31], "excluded_lines": [23, 25], "start_line": 1}}, "classes": {"STIMPhysicalCircuit": {"executed_lines": [191, 196, 199, 200, 201, 212, 213, 218, 219, 223, 224, 235, 243, 244, 441, 469, 470, 472, 473, 474, 475, 477, 479, 486, 487, 506], "summary": {"covered_lines": 26, "num_statements": 138, "percent_covered": 18.840579710144926, "percent_covered_display": "19", "missing_lines": 112, "excluded_lines": 0, "percent_statements_covered": 18.840579710144926, "percent_statements_covered_display": "19"}, "missing_lines": [192, 197, 198, 202, 203, 204, 205, 206, 210, 214, 229, 230, 231, 239, 247, 252, 256, 257, 258, 259, 261, 262, 264, 267, 269, 271, 272, 273, 274, 275, 280, 281, 282, 283, 284, 285, 287, 291, 292, 294, 295, 302, 305, 322, 324, 325, 326, 327, 329, 337, 344, 364, 366, 367, 370, 371, 372, 375, 376, 378, 381, 382, 383, 393, 394, 396, 397, 398, 399, 400, 401, 403, 404, 405, 408, 409, 411, 413, 414, 417, 418, 419, 420, 422, 425, 428, 429, 430, 431, 434, 436, 456, 457, 466, 476, 480, 481, 482, 483, 484, 488, 489, 491, 492, 493, 494, 497, 498, 499, 500, 503, 504], "excluded_lines": [], "start_line": 42}, "": {"executed_lines": [13, 15, 16, 17, 18, 20, 28, 29, 34, 35, 37, 38, 42, 45, 46, 49, 50, 52, 61, 68, 88, 91, 119, 127, 144, 151, 165, 172, 175, 181, 185, 226, 228, 233, 234, 237, 238, 241, 242, 246, 249, 277, 307, 333, 346, 385, 438, 443, 444, 459, 468], "summary": {"covered_lines": 51, "num_statements": 53, "percent_covered": 96.22641509433963, "percent_covered_display": "96", "missing_lines": 2, "excluded_lines": 2, "percent_statements_covered": 96.22641509433963, "percent_statements_covered_display": "96"}, "missing_lines": [30, 31], "excluded_lines": [23, 25], "start_line": 1}}}, "loqs/backends/model/__init__.py": {"executed_lines": [12, 13], "summary": {"covered_lines": 2, "num_statements": 2, "percent_covered": 100.0, "percent_covered_display": "100", "missing_lines": 0, "excluded_lines": 0, "percent_statements_covered": 100.0, "percent_statements_covered_display": "100"}, "missing_lines": [], "excluded_lines": [], "functions": {"": {"executed_lines": [12, 13], "summary": {"covered_lines": 2, "num_statements": 2, "percent_covered": 100.0, "percent_covered_display": "100", "missing_lines": 0, "excluded_lines": 0, "percent_statements_covered": 100.0, "percent_statements_covered_display": "100"}, "missing_lines": [], "excluded_lines": [], "start_line": 1}}, "classes": {"": {"executed_lines": [12, 13], "summary": {"covered_lines": 2, "num_statements": 2, "percent_covered": 100.0, "percent_covered_display": "100", "missing_lines": 0, "excluded_lines": 0, "percent_statements_covered": 100.0, "percent_statements_covered_display": "100"}, "missing_lines": [], "excluded_lines": [], "start_line": 1}}}, "loqs/backends/model/basemodel.py": {"executed_lines": [13, 15, 16, 17, 19, 20, 21, 24, 31, 32, 34, 36, 39, 40, 41, 45, 46, 47, 51, 52, 53, 57, 58, 59, 63, 64, 97, 104, 105, 107, 108, 115, 120, 124, 125, 132, 133], "summary": {"covered_lines": 37, "num_statements": 48, "percent_covered": 77.08333333333333, "percent_covered_display": "77", "missing_lines": 11, "excluded_lines": 0, "percent_statements_covered": 77.08333333333333, "percent_statements_covered_display": "77"}, "missing_lines": [37, 43, 49, 55, 61, 94, 116, 121, 122, 130, 138], "excluded_lines": [], "functions": {"BaseNoiseModel.__str__": {"executed_lines": [], "summary": {"covered_lines": 0, "num_statements": 1, "percent_covered": 0.0, "percent_covered_display": "0", "missing_lines": 1, "excluded_lines": 0, "percent_statements_covered": 0.0, "percent_statements_covered_display": "0"}, "missing_lines": [37], "excluded_lines": [], "start_line": 36}, "BaseNoiseModel.gate_keys": {"executed_lines": [], "summary": {"covered_lines": 0, "num_statements": 1, "percent_covered": 0.0, "percent_covered_display": "0", "missing_lines": 1, "excluded_lines": 0, "percent_statements_covered": 0.0, "percent_statements_covered_display": "0"}, "missing_lines": [43], "excluded_lines": [], "start_line": 41}, "BaseNoiseModel.instrument_keys": {"executed_lines": [], "summary": {"covered_lines": 0, "num_statements": 1, "percent_covered": 0.0, "percent_covered_display": "0", "missing_lines": 1, "excluded_lines": 0, "percent_statements_covered": 0.0, "percent_statements_covered_display": "0"}, "missing_lines": [49], "excluded_lines": [], "start_line": 47}, "BaseNoiseModel.output_gate_reps": {"executed_lines": [], "summary": {"covered_lines": 0, "num_statements": 1, "percent_covered": 0.0, "percent_covered_display": "0", "missing_lines": 1, "excluded_lines": 0, "percent_statements_covered": 0.0, "percent_statements_covered_display": "0"}, "missing_lines": [55], "excluded_lines": [], "start_line": 53}, "BaseNoiseModel.output_instrument_reps": {"executed_lines": [], "summary": {"covered_lines": 0, "num_statements": 1, "percent_covered": 0.0, "percent_covered_display": "0", "missing_lines": 1, "excluded_lines": 0, "percent_statements_covered": 0.0, "percent_statements_covered_display": "0"}, "missing_lines": [61], "excluded_lines": [], "start_line": 59}, "BaseNoiseModel.get_reps": {"executed_lines": [], "summary": {"covered_lines": 0, "num_statements": 1, "percent_covered": 0.0, "percent_covered_display": "0", "missing_lines": 1, "excluded_lines": 0, "percent_statements_covered": 0.0, "percent_statements_covered_display": "0"}, "missing_lines": [94], "excluded_lines": [], "start_line": 64}, "TimeDependentBaseNoiseModel.add_gate_duration_to_layer": {"executed_lines": [], "summary": {"covered_lines": 0, "num_statements": 1, "percent_covered": 0.0, "percent_covered_display": "0", "missing_lines": 1, "excluded_lines": 0, "percent_statements_covered": 0.0, "percent_statements_covered_display": "0"}, "missing_lines": [116], "excluded_lines": [], "start_line": 115}, "TimeDependentBaseNoiseModel.add_layer_duration_to_current_time": {"executed_lines": [], "summary": {"covered_lines": 0, "num_statements": 2, "percent_covered": 0.0, "percent_covered_display": "0", "missing_lines": 2, "excluded_lines": 0, "percent_statements_covered": 0.0, "percent_statements_covered_display": "0"}, "missing_lines": [121, 122], "excluded_lines": [], "start_line": 120}, "TimeDependentBaseNoiseModel.get_gate_duration": {"executed_lines": [], "summary": {"covered_lines": 0, "num_statements": 1, "percent_covered": 0.0, "percent_covered_display": "0", "missing_lines": 1, "excluded_lines": 0, "percent_statements_covered": 0.0, "percent_statements_covered_display": "0"}, "missing_lines": [130], "excluded_lines": [], "start_line": 125}, "TimeDependentBaseNoiseModel.get_instrument_duration": {"executed_lines": [], "summary": {"covered_lines": 0, "num_statements": 1, "percent_covered": 0.0, "percent_covered_display": "0", "missing_lines": 1, "excluded_lines": 0, "percent_statements_covered": 0.0, "percent_statements_covered_display": "0"}, "missing_lines": [138], "excluded_lines": [], "start_line": 133}, "": {"executed_lines": [13, 15, 16, 17, 19, 20, 21, 24, 31, 32, 34, 36, 39, 40, 41, 45, 46, 47, 51, 52, 53, 57, 58, 59, 63, 64, 97, 104, 105, 107, 108, 115, 120, 124, 125, 132, 133], "summary": {"covered_lines": 37, "num_statements": 37, "percent_covered": 100.0, "percent_covered_display": "100", "missing_lines": 0, "excluded_lines": 0, "percent_statements_covered": 100.0, "percent_statements_covered_display": "100"}, "missing_lines": [], "excluded_lines": [], "start_line": 1}}, "classes": {"BaseNoiseModel": {"executed_lines": [], "summary": {"covered_lines": 0, "num_statements": 6, "percent_covered": 0.0, "percent_covered_display": "0", "missing_lines": 6, "excluded_lines": 0, "percent_statements_covered": 0.0, "percent_statements_covered_display": "0"}, "missing_lines": [37, 43, 49, 55, 61, 94], "excluded_lines": [], "start_line": 24}, "TimeDependentBaseNoiseModel": {"executed_lines": [], "summary": {"covered_lines": 0, "num_statements": 5, "percent_covered": 0.0, "percent_covered_display": "0", "missing_lines": 5, "excluded_lines": 0, "percent_statements_covered": 0.0, "percent_statements_covered_display": "0"}, "missing_lines": [116, 121, 122, 130, 138], "excluded_lines": [], "start_line": 97}, "": {"executed_lines": [13, 15, 16, 17, 19, 20, 21, 24, 31, 32, 34, 36, 39, 40, 41, 45, 46, 47, 51, 52, 53, 57, 58, 59, 63, 64, 97, 104, 105, 107, 108, 115, 120, 124, 125, 132, 133], "summary": {"covered_lines": 37, "num_statements": 37, "percent_covered": 100.0, "percent_covered_display": "100", "missing_lines": 0, "excluded_lines": 0, "percent_statements_covered": 100.0, "percent_statements_covered_display": "100"}, "missing_lines": [], "excluded_lines": [], "start_line": 1}}}, "loqs/backends/model/dictmodel.py": {"executed_lines": [13, 15, 16, 17, 19, 20, 21, 22, 30, 31, 34, 37, 38, 40, 43, 46, 47, 48, 50, 52, 91, 94, 101, 104, 119, 120, 121, 127, 128, 130, 131, 132, 134, 135, 136, 137, 138, 141, 144, 145, 149, 152, 156, 159, 160, 161, 164, 165, 167, 171, 172, 173, 175, 192, 214, 217, 221, 222, 225, 227, 228, 232, 233, 237, 238, 239, 241, 242, 243, 245, 252, 255, 256, 257, 259, 261, 263, 264, 270, 272, 274, 283, 284, 286, 287, 289, 290, 291, 292, 293, 294, 295], "summary": {"covered_lines": 92, "num_statements": 121, "percent_covered": 76.03305785123968, "percent_covered_display": "76", "missing_lines": 29, "excluded_lines": 0, "percent_statements_covered": 76.03305785123968, "percent_statements_covered_display": "76"}, "missing_lines": [102, 103, 105, 106, 107, 108, 112, 113, 114, 115, 123, 139, 140, 168, 169, 176, 180, 186, 193, 200, 207, 230, 235, 265, 266, 276, 277, 278, 279], "excluded_lines": [], "functions": {"DictNoiseModel.__init__": {"executed_lines": [91, 94, 101, 104, 119, 120, 121, 127, 128, 130, 159, 160, 161, 164, 165, 167, 171, 172, 173, 175, 192, 214, 217, 221, 222, 225], "summary": {"covered_lines": 26, "num_statements": 45, "percent_covered": 57.77777777777778, "percent_covered_display": "58", "missing_lines": 19, "excluded_lines": 0, "percent_statements_covered": 57.77777777777778, "percent_statements_covered_display": "58"}, "missing_lines": [102, 103, 105, 106, 107, 108, 112, 113, 114, 115, 123, 168, 169, 176, 180, 186, 193, 200, 207], "excluded_lines": [], "start_line": 52}, "DictNoiseModel.__init__.convert_to_gatereptuple": {"executed_lines": [131, 132, 134, 135, 136, 137, 138, 141, 144, 145, 149, 152, 156], "summary": {"covered_lines": 13, "num_statements": 15, "percent_covered": 86.66666666666667, "percent_covered_display": "87", "missing_lines": 2, "excluded_lines": 0, "percent_statements_covered": 86.66666666666667, "percent_statements_covered_display": "87"}, "missing_lines": [139, 140], "excluded_lines": [], "start_line": 130}, "DictNoiseModel.gate_keys": {"executed_lines": [], "summary": {"covered_lines": 0, "num_statements": 1, "percent_covered": 0.0, "percent_covered_display": "0", "missing_lines": 1, "excluded_lines": 0, "percent_statements_covered": 0.0, "percent_statements_covered_display": "0"}, "missing_lines": [230], "excluded_lines": [], "start_line": 228}, "DictNoiseModel.instrument_keys": {"executed_lines": [], "summary": {"covered_lines": 0, "num_statements": 1, "percent_covered": 0.0, "percent_covered_display": "0", "missing_lines": 1, "excluded_lines": 0, "percent_statements_covered": 0.0, "percent_statements_covered_display": "0"}, "missing_lines": [235], "excluded_lines": [], "start_line": 233}, "DictNoiseModel.output_gate_reps": {"executed_lines": [239], "summary": {"covered_lines": 1, "num_statements": 1, "percent_covered": 100.0, "percent_covered_display": "100", "missing_lines": 0, "excluded_lines": 0, "percent_statements_covered": 100.0, "percent_statements_covered_display": "100"}, "missing_lines": [], "excluded_lines": [], "start_line": 238}, "DictNoiseModel.output_instrument_reps": {"executed_lines": [243], "summary": {"covered_lines": 1, "num_statements": 1, "percent_covered": 100.0, "percent_covered_display": "100", "missing_lines": 0, "excluded_lines": 0, "percent_statements_covered": 100.0, "percent_statements_covered_display": "100"}, "missing_lines": [], "excluded_lines": [], "start_line": 242}, "DictNoiseModel.get_reps": {"executed_lines": [252, 255, 256, 257, 259, 261, 263, 264, 270, 272, 274, 283, 284, 286, 287], "summary": {"covered_lines": 15, "num_statements": 21, "percent_covered": 71.42857142857143, "percent_covered_display": "71", "missing_lines": 6, "excluded_lines": 0, "percent_statements_covered": 71.42857142857143, "percent_statements_covered_display": "71"}, "missing_lines": [265, 266, 276, 277, 278, 279], "excluded_lines": [], "start_line": 245}, "DictNoiseModel.from_decoded_attrs": {"executed_lines": [291, 292, 293, 294, 295], "summary": {"covered_lines": 5, "num_statements": 5, "percent_covered": 100.0, "percent_covered_display": "100", "missing_lines": 0, "excluded_lines": 0, "percent_statements_covered": 100.0, "percent_statements_covered_display": "100"}, "missing_lines": [], "excluded_lines": [], "start_line": 290}, "": {"executed_lines": [13, 15, 16, 17, 19, 20, 21, 22, 30, 31, 34, 37, 38, 40, 43, 46, 47, 48, 50, 52, 227, 228, 232, 233, 237, 238, 241, 242, 245, 289, 290], "summary": {"covered_lines": 31, "num_statements": 31, "percent_covered": 100.0, "percent_covered_display": "100", "missing_lines": 0, "excluded_lines": 0, "percent_statements_covered": 100.0, "percent_statements_covered_display": "100"}, "missing_lines": [], "excluded_lines": [], "start_line": 1}}, "classes": {"DictNoiseModel": {"executed_lines": [91, 94, 101, 104, 119, 120, 121, 127, 128, 130, 131, 132, 134, 135, 136, 137, 138, 141, 144, 145, 149, 152, 156, 159, 160, 161, 164, 165, 167, 171, 172, 173, 175, 192, 214, 217, 221, 222, 225, 239, 243, 252, 255, 256, 257, 259, 261, 263, 264, 270, 272, 274, 283, 284, 286, 287, 291, 292, 293, 294, 295], "summary": {"covered_lines": 61, "num_statements": 90, "percent_covered": 67.77777777777777, "percent_covered_display": "68", "missing_lines": 29, "excluded_lines": 0, "percent_statements_covered": 67.77777777777777, "percent_statements_covered_display": "68"}, "missing_lines": [102, 103, 105, 106, 107, 108, 112, 113, 114, 115, 123, 139, 140, 168, 169, 176, 180, 186, 193, 200, 207, 230, 235, 265, 266, 276, 277, 278, 279], "excluded_lines": [], "start_line": 43}, "": {"executed_lines": [13, 15, 16, 17, 19, 20, 21, 22, 30, 31, 34, 37, 38, 40, 43, 46, 47, 48, 50, 52, 227, 228, 232, 233, 237, 238, 241, 242, 245, 289, 290], "summary": {"covered_lines": 31, "num_statements": 31, "percent_covered": 100.0, "percent_covered_display": "100", "missing_lines": 0, "excluded_lines": 0, "percent_statements_covered": 100.0, "percent_statements_covered_display": "100"}, "missing_lines": [], "excluded_lines": [], "start_line": 1}}}, "loqs/backends/model/pygstimodel.py": {"executed_lines": [13, 15, 16, 17, 18, 19, 21, 22, 23, 24, 27, 42, 43, 44, 50, 51, 52, 57, 60, 63, 64, 65, 66, 68, 71, 73, 82, 83, 84, 86, 93, 96, 106, 108, 110, 133, 135, 140, 146, 147, 159, 161, 164, 165, 166, 171, 175, 176, 180, 181, 182, 183, 184, 195, 197, 198, 199, 203, 204, 206, 207, 221, 222, 230, 231, 232, 241, 242, 243, 248, 249, 250, 280, 281, 282, 312, 319, 321, 322, 325, 326, 327, 328, 329, 330, 331, 332, 335, 336, 337, 340, 345, 348, 351, 353, 355, 356, 358, 359, 360, 363, 364, 367, 370, 372, 373, 374, 377, 380, 382, 384, 386, 387, 402, 430, 432, 433, 435, 436, 447, 449, 450, 451, 452, 453, 454, 461, 467, 468, 470, 472, 473, 475, 476, 477, 479, 481, 482, 483, 515, 517, 518, 519, 520, 521, 526, 531, 532, 534, 536, 541, 542], "summary": {"covered_lines": 152, "num_statements": 269, "percent_covered": 56.50557620817844, "percent_covered_display": "57", "missing_lines": 117, "excluded_lines": 6, "percent_statements_covered": 56.50557620817844, "percent_statements_covered_display": "57"}, "missing_lines": [53, 54, 90, 91, 136, 160, 162, 163, 170, 177, 178, 179, 185, 186, 187, 188, 189, 190, 191, 193, 208, 209, 210, 212, 214, 215, 217, 218, 219, 223, 224, 225, 226, 227, 228, 252, 253, 254, 257, 263, 264, 268, 269, 271, 273, 274, 278, 284, 285, 286, 289, 295, 296, 300, 301, 303, 305, 306, 310, 342, 349, 352, 368, 388, 389, 390, 393, 394, 396, 397, 403, 406, 409, 411, 413, 414, 415, 416, 420, 421, 424, 425, 426, 431, 440, 445, 455, 457, 459, 462, 484, 487, 490, 491, 493, 494, 495, 496, 497, 498, 500, 501, 502, 506, 508, 509, 511, 513, 522, 524, 527, 537, 538, 539, 543, 544, 545], "excluded_lines": [28, 30, 31, 37, 38, 39], "functions": {"compute_qsim_bases": {"executed_lines": [63, 64, 65, 66, 68, 71, 73], "summary": {"covered_lines": 7, "num_statements": 7, "percent_covered": 100.0, "percent_covered_display": "100", "missing_lines": 0, "excluded_lines": 0, "percent_statements_covered": 100.0, "percent_statements_covered_display": "100"}, "missing_lines": [], "excluded_lines": [], "start_line": 60}, "PyGSTiNoiseModel.__init__": {"executed_lines": [133, 135, 140, 146, 147, 159, 161, 164, 165, 166, 171, 175, 176, 180, 181, 182, 183, 184, 195, 197, 198, 199, 203, 204], "summary": {"covered_lines": 24, "num_statements": 40, "percent_covered": 60.0, "percent_covered_display": "60", "missing_lines": 16, "excluded_lines": 0, "percent_statements_covered": 60.0, "percent_statements_covered_display": "60"}, "missing_lines": [136, 160, 162, 163, 170, 177, 178, 179, 185, 186, 187, 188, 189, 190, 191, 193], "excluded_lines": [], "start_line": 110}, "PyGSTiNoiseModel.gate_keys": {"executed_lines": [], "summary": {"covered_lines": 0, "num_statements": 9, "percent_covered": 0.0, "percent_covered_display": "0", "missing_lines": 9, "excluded_lines": 0, "percent_statements_covered": 0.0, "percent_statements_covered_display": "0"}, "missing_lines": [208, 209, 210, 212, 214, 215, 217, 218, 219], "excluded_lines": [], "start_line": 207}, "PyGSTiNoiseModel.instrument_keys": {"executed_lines": [], "summary": {"covered_lines": 0, "num_statements": 6, "percent_covered": 0.0, "percent_covered_display": "0", "missing_lines": 6, "excluded_lines": 0, "percent_statements_covered": 0.0, "percent_statements_covered_display": "0"}, "missing_lines": [223, 224, 225, 226, 227, 228], "excluded_lines": [], "start_line": 222}, "PyGSTiNoiseModel.output_gate_reps": {"executed_lines": [232], "summary": {"covered_lines": 1, "num_statements": 1, "percent_covered": 100.0, "percent_covered_display": "100", "missing_lines": 0, "excluded_lines": 0, "percent_statements_covered": 100.0, "percent_statements_covered_display": "100"}, "missing_lines": [], "excluded_lines": [], "start_line": 231}, "PyGSTiNoiseModel.output_instrument_reps": {"executed_lines": [243], "summary": {"covered_lines": 1, "num_statements": 1, "percent_covered": 100.0, "percent_covered_display": "100", "missing_lines": 0, "excluded_lines": 0, "percent_statements_covered": 100.0, "percent_statements_covered_display": "100"}, "missing_lines": [], "excluded_lines": [], "start_line": 242}, "PyGSTiNoiseModel.get_gate_duration": {"executed_lines": [249, 250], "summary": {"covered_lines": 2, "num_statements": 14, "percent_covered": 14.285714285714286, "percent_covered_display": "14", "missing_lines": 12, "excluded_lines": 0, "percent_statements_covered": 14.285714285714286, "percent_statements_covered_display": "14"}, "missing_lines": [252, 253, 254, 257, 263, 264, 268, 269, 271, 273, 274, 278], "excluded_lines": [], "start_line": 248}, "PyGSTiNoiseModel.get_instrument_duration": {"executed_lines": [281, 282], "summary": {"covered_lines": 2, "num_statements": 14, "percent_covered": 14.285714285714286, "percent_covered_display": "14", "missing_lines": 12, "excluded_lines": 0, "percent_statements_covered": 14.285714285714286, "percent_statements_covered_display": "14"}, "missing_lines": [284, 285, 286, 289, 295, 296, 300, 301, 303, 305, 306, 310], "excluded_lines": [], "start_line": 280}, "PyGSTiNoiseModel.get_reps": {"executed_lines": [319, 321, 322, 325, 326, 327, 328, 329, 330, 331, 332, 335, 336, 337, 340, 345, 348, 351, 353], "summary": {"covered_lines": 19, "num_statements": 22, "percent_covered": 86.36363636363636, "percent_covered_display": "86", "missing_lines": 3, "excluded_lines": 0, "percent_statements_covered": 86.36363636363636, "percent_statements_covered_display": "86"}, "missing_lines": [342, 349, 352], "excluded_lines": [], "start_line": 312}, "PyGSTiNoiseModel._get_gate_rep": {"executed_lines": [356, 358, 359, 360, 363, 364, 367, 370, 372, 373, 374, 377, 380, 382, 384, 386, 449, 450, 451, 452, 453, 454, 461, 467, 468, 470], "summary": {"covered_lines": 26, "num_statements": 31, "percent_covered": 83.87096774193549, "percent_covered_display": "84", "missing_lines": 5, "excluded_lines": 0, "percent_statements_covered": 83.87096774193549, "percent_statements_covered_display": "84"}, "missing_lines": [368, 455, 457, 459, 462], "excluded_lines": [], "start_line": 355}, "PyGSTiNoiseModel._get_gate_rep._get_rep": {"executed_lines": [387, 402, 430, 432, 433, 435, 436, 447], "summary": {"covered_lines": 8, "num_statements": 31, "percent_covered": 25.806451612903224, "percent_covered_display": "26", "missing_lines": 23, "excluded_lines": 0, "percent_statements_covered": 25.806451612903224, "percent_statements_covered_display": "26"}, "missing_lines": [388, 389, 390, 393, 394, 396, 397, 403, 406, 409, 411, 413, 414, 415, 416, 420, 421, 424, 425, 426, 431, 440, 445], "excluded_lines": [], "start_line": 386}, "PyGSTiNoiseModel._get_instrument_rep": {"executed_lines": [473, 475, 476, 477, 479, 481, 517, 518, 519, 520, 521, 526, 531, 532, 534], "summary": {"covered_lines": 15, "num_statements": 18, "percent_covered": 83.33333333333333, "percent_covered_display": "83", "missing_lines": 3, "excluded_lines": 0, "percent_statements_covered": 83.33333333333333, "percent_statements_covered_display": "83"}, "missing_lines": [522, 524, 527], "excluded_lines": [], "start_line": 472}, "PyGSTiNoiseModel._get_instrument_rep._get_rep": {"executed_lines": [482, 483, 515], "summary": {"covered_lines": 3, "num_statements": 21, "percent_covered": 14.285714285714286, "percent_covered_display": "14", "missing_lines": 18, "excluded_lines": 0, "percent_statements_covered": 14.285714285714286, "percent_statements_covered_display": "14"}, "missing_lines": [484, 487, 490, 491, 493, 494, 495, 496, 497, 498, 500, 501, 502, 506, 508, 509, 511, 513], "excluded_lines": [], "start_line": 481}, "PyGSTiNoiseModel.get_encoding_attr": {"executed_lines": [], "summary": {"covered_lines": 0, "num_statements": 3, "percent_covered": 0.0, "percent_covered_display": "0", "missing_lines": 3, "excluded_lines": 0, "percent_statements_covered": 0.0, "percent_statements_covered_display": "0"}, "missing_lines": [537, 538, 539], "excluded_lines": [], "start_line": 536}, "PyGSTiNoiseModel.from_decoded_attrs": {"executed_lines": [], "summary": {"covered_lines": 0, "num_statements": 3, "percent_covered": 0.0, "percent_covered_display": "0", "missing_lines": 3, "excluded_lines": 0, "percent_statements_covered": 0.0, "percent_statements_covered_display": "0"}, "missing_lines": [543, 544, 545], "excluded_lines": [], "start_line": 542}, "": {"executed_lines": [13, 15, 16, 17, 18, 19, 21, 22, 23, 24, 27, 42, 43, 44, 50, 51, 52, 57, 60, 82, 83, 84, 86, 93, 96, 106, 108, 110, 206, 207, 221, 222, 230, 231, 241, 242, 248, 280, 312, 355, 472, 536, 541, 542], "summary": {"covered_lines": 44, "num_statements": 48, "percent_covered": 91.66666666666667, "percent_covered_display": "92", "missing_lines": 4, "excluded_lines": 6, "percent_statements_covered": 91.66666666666667, "percent_statements_covered_display": "92"}, "missing_lines": [53, 54, 90, 91], "excluded_lines": [28, 30, 31, 37, 38, 39], "start_line": 1}}, "classes": {"PyGSTiNoiseModel": {"executed_lines": [133, 135, 140, 146, 147, 159, 161, 164, 165, 166, 171, 175, 176, 180, 181, 182, 183, 184, 195, 197, 198, 199, 203, 204, 232, 243, 249, 250, 281, 282, 319, 321, 322, 325, 326, 327, 328, 329, 330, 331, 332, 335, 336, 337, 340, 345, 348, 351, 353, 356, 358, 359, 360, 363, 364, 367, 370, 372, 373, 374, 377, 380, 382, 384, 386, 387, 402, 430, 432, 433, 435, 436, 447, 449, 450, 451, 452, 453, 454, 461, 467, 468, 470, 473, 475, 476, 477, 479, 481, 482, 483, 515, 517, 518, 519, 520, 521, 526, 531, 532, 534], "summary": {"covered_lines": 101, "num_statements": 214, "percent_covered": 47.19626168224299, "percent_covered_display": "47", "missing_lines": 113, "excluded_lines": 0, "percent_statements_covered": 47.19626168224299, "percent_statements_covered_display": "47"}, "missing_lines": [136, 160, 162, 163, 170, 177, 178, 179, 185, 186, 187, 188, 189, 190, 191, 193, 208, 209, 210, 212, 214, 215, 217, 218, 219, 223, 224, 225, 226, 227, 228, 252, 253, 254, 257, 263, 264, 268, 269, 271, 273, 274, 278, 284, 285, 286, 289, 295, 296, 300, 301, 303, 305, 306, 310, 342, 349, 352, 368, 388, 389, 390, 393, 394, 396, 397, 403, 406, 409, 411, 413, 414, 415, 416, 420, 421, 424, 425, 426, 431, 440, 445, 455, 457, 459, 462, 484, 487, 490, 491, 493, 494, 495, 496, 497, 498, 500, 501, 502, 506, 508, 509, 511, 513, 522, 524, 527, 537, 538, 539, 543, 544, 545], "excluded_lines": [], "start_line": 96}, "": {"executed_lines": [13, 15, 16, 17, 18, 19, 21, 22, 23, 24, 27, 42, 43, 44, 50, 51, 52, 57, 60, 63, 64, 65, 66, 68, 71, 73, 82, 83, 84, 86, 93, 96, 106, 108, 110, 206, 207, 221, 222, 230, 231, 241, 242, 248, 280, 312, 355, 472, 536, 541, 542], "summary": {"covered_lines": 51, "num_statements": 55, "percent_covered": 92.72727272727273, "percent_covered_display": "93", "missing_lines": 4, "excluded_lines": 6, "percent_statements_covered": 92.72727272727273, "percent_statements_covered_display": "93"}, "missing_lines": [53, 54, 90, 91], "excluded_lines": [28, 30, 31, 37, 38, 39], "start_line": 1}}}, "loqs/backends/model/stimdictmodel.py": {"executed_lines": [13, 15, 16, 17, 19, 20, 25, 34, 37, 38, 40, 41, 42, 43, 44, 45, 47, 48, 49, 50, 51, 52, 54, 57, 66, 68, 106, 112, 114, 115, 116, 117, 118, 119, 125, 126, 128, 129, 130, 131, 132, 133, 134, 138, 141, 145, 148, 149, 150, 151, 155, 157, 158, 160, 163, 164, 165, 166, 167, 170, 171, 172, 173, 175, 176, 177, 179, 180, 181, 183, 184, 188, 194, 201, 204, 207, 209, 210, 211, 212, 214, 220, 225, 226, 227, 229, 231, 232, 236, 238, 243, 244, 248, 249, 255, 259, 263, 264, 265, 266, 267, 270, 271, 277, 282, 283, 284, 285, 288, 290, 292, 293, 294, 295, 300, 301, 302, 303, 305, 306, 307, 308, 309, 315, 317, 319, 321, 323, 324, 325, 326, 331, 332, 346, 348, 349, 351, 352, 355, 357], "summary": {"covered_lines": 140, "num_statements": 148, "percent_covered": 94.5945945945946, "percent_covered_display": "95", "missing_lines": 8, "excluded_lines": 0, "percent_statements_covered": 94.5945945945946, "percent_statements_covered_display": "95"}, "missing_lines": [121, 333, 334, 336, 337, 338, 339, 340], "excluded_lines": [], "functions": {"add_command_aliases": {"executed_lines": [38, 40, 41, 42, 43, 44, 45, 47, 48, 49, 50, 51, 52, 54], "summary": {"covered_lines": 14, "num_statements": 14, "percent_covered": 100.0, "percent_covered_display": "100", "missing_lines": 0, "excluded_lines": 0, "percent_statements_covered": 100.0, "percent_statements_covered_display": "100"}, "missing_lines": [], "excluded_lines": [], "start_line": 37}, "STIMDictNoiseModel.__init__": {"executed_lines": [106, 112, 114, 115, 116, 117, 118, 119, 125, 126, 128, 148, 149, 150, 151, 155, 163, 164, 165, 166, 167, 170, 171, 172, 173, 175, 176, 177, 179, 180, 181, 183, 184, 188, 194, 201, 204, 207, 209, 210, 211, 212], "summary": {"covered_lines": 42, "num_statements": 43, "percent_covered": 97.67441860465117, "percent_covered_display": "98", "missing_lines": 1, "excluded_lines": 0, "percent_statements_covered": 97.67441860465117, "percent_statements_covered_display": "98"}, "missing_lines": [121], "excluded_lines": [], "start_line": 68}, "STIMDictNoiseModel.__init__.convert_to_gatereptuple": {"executed_lines": [129, 130, 131, 132, 133, 134, 138, 141, 145], "summary": {"covered_lines": 9, "num_statements": 9, "percent_covered": 100.0, "percent_covered_display": "100", "missing_lines": 0, "excluded_lines": 0, "percent_statements_covered": 100.0, "percent_statements_covered_display": "100"}, "missing_lines": [], "excluded_lines": [], "start_line": 128}, "STIMDictNoiseModel.__init__.promoted_key_and_qubits": {"executed_lines": [157, 158, 160], "summary": {"covered_lines": 3, "num_statements": 3, "percent_covered": 100.0, "percent_covered_display": "100", "missing_lines": 0, "excluded_lines": 0, "percent_statements_covered": 100.0, "percent_statements_covered_display": "100"}, "missing_lines": [], "excluded_lines": [], "start_line": 155}, "STIMDictNoiseModel.get_reps": {"executed_lines": [220, 225, 226, 227, 229, 231, 232, 236, 238, 243, 244, 248, 249, 255, 259, 263, 264, 265, 266, 267, 270, 271, 277, 282, 283, 284, 285, 288, 290, 292, 293, 294, 295, 300, 301, 302, 303, 305, 306, 307, 308, 309, 315, 317, 319, 321, 323, 324, 325, 326, 331, 332, 346, 348, 349, 351, 352, 355, 357], "summary": {"covered_lines": 59, "num_statements": 66, "percent_covered": 89.39393939393939, "percent_covered_display": "89", "missing_lines": 7, "excluded_lines": 0, "percent_statements_covered": 89.39393939393939, "percent_statements_covered_display": "89"}, "missing_lines": [333, 334, 336, 337, 338, 339, 340], "excluded_lines": [], "start_line": 214}, "": {"executed_lines": [13, 15, 16, 17, 19, 20, 25, 34, 37, 57, 66, 68, 214], "summary": {"covered_lines": 13, "num_statements": 13, "percent_covered": 100.0, "percent_covered_display": "100", "missing_lines": 0, "excluded_lines": 0, "percent_statements_covered": 100.0, "percent_statements_covered_display": "100"}, "missing_lines": [], "excluded_lines": [], "start_line": 1}}, "classes": {"STIMDictNoiseModel": {"executed_lines": [106, 112, 114, 115, 116, 117, 118, 119, 125, 126, 128, 129, 130, 131, 132, 133, 134, 138, 141, 145, 148, 149, 150, 151, 155, 157, 158, 160, 163, 164, 165, 166, 167, 170, 171, 172, 173, 175, 176, 177, 179, 180, 181, 183, 184, 188, 194, 201, 204, 207, 209, 210, 211, 212, 220, 225, 226, 227, 229, 231, 232, 236, 238, 243, 244, 248, 249, 255, 259, 263, 264, 265, 266, 267, 270, 271, 277, 282, 283, 284, 285, 288, 290, 292, 293, 294, 295, 300, 301, 302, 303, 305, 306, 307, 308, 309, 315, 317, 319, 321, 323, 324, 325, 326, 331, 332, 346, 348, 349, 351, 352, 355, 357], "summary": {"covered_lines": 113, "num_statements": 121, "percent_covered": 93.38842975206612, "percent_covered_display": "93", "missing_lines": 8, "excluded_lines": 0, "percent_statements_covered": 93.38842975206612, "percent_statements_covered_display": "93"}, "missing_lines": [121, 333, 334, 336, 337, 338, 339, 340], "excluded_lines": [], "start_line": 57}, "": {"executed_lines": [13, 15, 16, 17, 19, 20, 25, 34, 37, 38, 40, 41, 42, 43, 44, 45, 47, 48, 49, 50, 51, 52, 54, 57, 66, 68, 214], "summary": {"covered_lines": 27, "num_statements": 27, "percent_covered": 100.0, "percent_covered_display": "100", "missing_lines": 0, "excluded_lines": 0, "percent_statements_covered": 100.0, "percent_statements_covered_display": "100"}, "missing_lines": [], "excluded_lines": [], "start_line": 1}}}, "loqs/backends/reps.py": {"executed_lines": [13, 15, 16, 17, 18, 19, 20, 21, 23, 24, 25, 26, 27, 30, 31, 34, 38, 41, 42, 49, 50, 58, 59, 67, 68, 81, 82, 95, 96, 152, 155, 159, 160, 161, 162, 163, 164, 167, 169, 170, 173, 175, 176, 178, 180, 181, 195, 196, 197, 199, 200, 202, 204, 206, 208, 211, 221, 224, 225, 236, 237, 247, 248, 260, 261, 285, 288, 292, 293, 294, 297, 302, 303, 304, 305, 306, 308, 309, 310, 312, 315, 323, 324, 325, 327, 328, 330, 331, 333, 335, 341, 342, 343, 345, 346, 347, 350, 360, 363, 366, 367], "summary": {"covered_lines": 101, "num_statements": 138, "percent_covered": 73.18840579710145, "percent_covered_display": "73", "missing_lines": 37, "excluded_lines": 0, "percent_statements_covered": 73.18840579710145, "percent_statements_covered_display": "73"}, "missing_lines": [174, 177, 179, 182, 183, 184, 185, 186, 187, 188, 189, 190, 193, 198, 201, 203, 205, 207, 307, 311, 351, 352, 353, 354, 355, 356, 358, 361, 364, 373, 375, 376, 378, 379, 380, 381, 383], "excluded_lines": [], "functions": {"ConcreteGateReps.sequence_is_krausop_rep": {"executed_lines": [173, 175, 176, 178, 180, 181], "summary": {"covered_lines": 6, "num_statements": 19, "percent_covered": 31.57894736842105, "percent_covered_display": "32", "missing_lines": 13, "excluded_lines": 0, "percent_statements_covered": 31.57894736842105, "percent_statements_covered_display": "32"}, "missing_lines": [174, 177, 179, 182, 183, 184, 185, 186, 187, 188, 189, 190, 193], "excluded_lines": [], "start_line": 170}, "ConcreteGateReps.sequence_is_probabilisticstim_rep": {"executed_lines": [197, 199, 200, 202, 204, 206, 208], "summary": {"covered_lines": 7, "num_statements": 12, "percent_covered": 58.333333333333336, "percent_covered_display": "58", "missing_lines": 5, "excluded_
[...]
ed": 90.9090909090909, "percent_covered_display": "91", "missing_lines": 1, "excluded_lines": 0, "percent_statements_covered": 90.9090909090909, "percent_statements_covered_display": "91"}, "missing_lines": [250], "excluded_lines": [], "start_line": 213}, "convert_run_programs_to_dataset": {"executed_lines": [290, 292], "summary": {"covered_lines": 2, "num_statements": 8, "percent_covered": 25.0, "percent_covered_display": "25", "missing_lines": 6, "excluded_lines": 0, "percent_statements_covered": 25.0, "percent_statements_covered_display": "25"}, "missing_lines": [294, 295, 296, 297, 299, 301], "excluded_lines": [], "start_line": 265}, "convert_circuit_to_image": {"executed_lines": [], "summary": {"covered_lines": 0, "num_statements": 19, "percent_covered": 0.0, "percent_covered_display": "0", "missing_lines": 19, "excluded_lines": 0, "percent_statements_covered": 0.0, "percent_statements_covered_display": "0"}, "missing_lines": [332, 333, 334, 335, 336, 340, 348, 349, 350, 352, 353, 355, 356, 367, 368, 370, 372, 373, 375], "excluded_lines": [], "start_line": 307}, "convert_circuit_to_qiskit_draw": {"executed_lines": [], "summary": {"covered_lines": 0, "num_statements": 17, "percent_covered": 0.0, "percent_covered_display": "0", "missing_lines": 17, "excluded_lines": 0, "percent_statements_covered": 0.0, "percent_statements_covered_display": "0"}, "missing_lines": [404, 406, 407, 408, 409, 413, 414, 417, 419, 420, 421, 425, 428, 429, 433, 439, 441], "excluded_lines": [], "start_line": 378}, "convert_circuit_to_quantikz": {"executed_lines": [], "summary": {"covered_lines": 0, "num_statements": 44, "percent_covered": 0.0, "percent_covered_display": "0", "missing_lines": 44, "excluded_lines": 0, "percent_statements_covered": 0.0, "percent_statements_covered_display": "0"}, "missing_lines": [499, 500, 505, 506, 509, 510, 511, 512, 513, 514, 515, 516, 517, 520, 523, 524, 533, 534, 536, 538, 539, 541, 542, 545, 548, 551, 552, 554, 555, 556, 557, 558, 560, 561, 571, 572, 573, 574, 575, 576, 577, 578, 579, 581], "excluded_lines": [], "start_line": 444}, "_process_layers": {"executed_lines": [], "summary": {"covered_lines": 0, "num_statements": 31, "percent_covered": 0.0, "percent_covered_display": "0", "missing_lines": 31, "excluded_lines": 0, "percent_statements_covered": 0.0, "percent_statements_covered_display": "0"}, "missing_lines": [585, 588, 606, 607, 608, 617, 621, 622, 623, 624, 626, 627, 630, 631, 632, 635, 644, 645, 648, 649, 650, 651, 654, 663, 664, 669, 671, 672, 673, 675, 676], "excluded_lines": [], "start_line": 584}, "_process_layers.can_place_in_layer": {"executed_lines": [], "summary": {"covered_lines": 0, "num_statements": 6, "percent_covered": 0.0, "percent_covered_display": "0", "missing_lines": 6, "excluded_lines": 0, "percent_statements_covered": 0.0, "percent_statements_covered_display": "0"}, "missing_lines": [589, 597, 598, 602, 603, 604], "excluded_lines": [], "start_line": 588}, "_add_component_to_layer": {"executed_lines": [], "summary": {"covered_lines": 0, "num_statements": 38, "percent_covered": 0.0, "percent_covered_display": "0", "missing_lines": 38, "excluded_lines": 0, "percent_statements_covered": 0.0, "percent_statements_covered_display": "0"}, "missing_lines": [683, 686, 687, 690, 691, 693, 694, 697, 698, 699, 701, 702, 705, 706, 707, 708, 709, 710, 711, 712, 713, 714, 715, 717, 718, 720, 721, 722, 723, 724, 725, 727, 728, 729, 730, 731, 732, 734], "excluded_lines": [], "start_line": 679}, "": {"executed_lines": [12, 13, 14, 15, 16, 17, 18, 20, 21, 22, 23, 24, 27, 29, 30, 31, 32, 33, 34, 35, 36, 37, 45, 66, 84, 111, 135, 213, 265, 307, 378, 444, 584, 679], "summary": {"covered_lines": 34, "num_statements": 36, "percent_covered": 94.44444444444444, "percent_covered_display": "94", "missing_lines": 2, "excluded_lines": 0, "percent_statements_covered": 94.44444444444444, "percent_statements_covered_display": "94"}, "missing_lines": [38, 39], "excluded_lines": [], "start_line": 1}}, "classes": {"": {"executed_lines": [12, 13, 14, 15, 16, 17, 18, 20, 21, 22, 23, 24, 27, 29, 30, 31, 32, 33, 34, 35, 36, 37, 45, 58, 59, 60, 61, 66, 79, 80, 84, 103, 105, 106, 107, 108, 111, 131, 132, 135, 161, 162, 165, 168, 169, 170, 172, 174, 177, 180, 184, 187, 190, 193, 195, 197, 198, 199, 200, 207, 209, 213, 247, 249, 252, 253, 254, 256, 257, 258, 260, 262, 265, 290, 292, 307, 378, 444, 584, 679], "summary": {"covered_lines": 80, "num_statements": 247, "percent_covered": 32.388663967611336, "percent_covered_display": "32", "missing_lines": 167, "excluded_lines": 0, "percent_statements_covered": 32.388663967611336, "percent_statements_covered_display": "32"}, "missing_lines": [38, 39, 202, 203, 204, 250, 294, 295, 296, 297, 299, 301, 332, 333, 334, 335, 336, 340, 348, 349, 350, 352, 353, 355, 356, 367, 368, 370, 372, 373, 375, 404, 406, 407, 408, 409, 413, 414, 417, 419, 420, 421, 425, 428, 429, 433, 439, 441, 499, 500, 505, 506, 509, 510, 511, 512, 513, 514, 515, 516, 517, 520, 523, 524, 533, 534, 536, 538, 539, 541, 542, 545, 548, 551, 552, 554, 555, 556, 557, 558, 560, 561, 571, 572, 573, 574, 575, 576, 577, 578, 579, 581, 585, 588, 589, 597, 598, 602, 603, 604, 606, 607, 608, 617, 621, 622, 623, 624, 626, 627, 630, 631, 632, 635, 644, 645, 648, 649, 650, 651, 654, 663, 664, 669, 671, 672, 673, 675, 676, 683, 686, 687, 690, 691, 693, 694, 697, 698, 699, 701, 702, 705, 706, 707, 708, 709, 710, 711, 712, 713, 714, 715, 717, 718, 720, 721, 722, 723, 724, 725, 727, 728, 729, 730, 731, 732, 734], "excluded_lines": [], "start_line": 1}}}, "loqs/tools/qectools.py": {"executed_lines": [16, 17, 18, 19, 22, 47, 48, 49, 50, 52, 53, 54, 55, 56, 61, 63, 65, 68, 101, 103, 104, 105, 107, 108, 109, 112, 113, 117, 118, 119, 120, 121, 124, 126, 129, 149, 150, 151, 152, 155, 156, 158, 161, 192, 195, 196, 197, 198, 201, 202, 203, 206, 207, 210, 211, 212, 215, 216, 217, 218, 220, 223, 245, 246, 247, 249, 250, 251, 252, 253, 254, 255, 256, 258, 260, 263, 282, 283, 284, 285, 287], "summary": {"covered_lines": 81, "num_statements": 82, "percent_covered": 98.78048780487805, "percent_covered_display": "99", "missing_lines": 1, "excluded_lines": 0, "percent_statements_covered": 98.78048780487805, "percent_statements_covered_display": "99"}, "missing_lines": [123], "excluded_lines": [], "functions": {"get_syndrome_from_stabilizers_and_pstr": {"executed_lines": [47, 48, 49, 50, 52, 53, 54, 55, 56, 61, 63, 65], "summary": {"covered_lines": 12, "num_statements": 12, "percent_covered": 100.0, "percent_covered_display": "100", "missing_lines": 0, "excluded_lines": 0, "percent_statements_covered": 100.0, "percent_statements_covered_display": "100"}, "missing_lines": [], "excluded_lines": [], "start_line": 22}, "get_syndrome_dict_from_stabilizers_and_pstrs": {"executed_lines": [101, 103, 104, 105, 107, 108, 109, 112, 113, 117, 118, 119, 120, 121, 124, 126], "summary": {"covered_lines": 16, "num_statements": 17, "percent_covered": 94.11764705882354, "percent_covered_display": "94", "missing_lines": 1, "excluded_lines": 0, "percent_statements_covered": 94.11764705882354, "percent_statements_covered_display": "94"}, "missing_lines": [123], "excluded_lines": [], "start_line": 68}, "get_weight_1_errors": {"executed_lines": [149, 150, 151, 152, 155, 156, 158], "summary": {"covered_lines": 7, "num_statements": 7, "percent_covered": 100.0, "percent_covered_display": "100", "missing_lines": 0, "excluded_lines": 0, "percent_statements_covered": 100.0, "percent_statements_covered_display": "100"}, "missing_lines": [], "excluded_lines": [], "start_line": 129}, "get_hook_errors_in_flagged_check": {"executed_lines": [192, 195, 196, 197, 198, 201, 202, 203, 206, 207, 210, 211, 212, 215, 216, 217, 218, 220], "summary": {"covered_lines": 18, "num_statements": 18, "percent_covered": 100.0, "percent_covered_display": "100", "missing_lines": 0, "excluded_lines": 0, "percent_statements_covered": 100.0, "percent_statements_covered_display": "100"}, "missing_lines": [], "excluded_lines": [], "start_line": 161}, "compose_pstrs": {"executed_lines": [245, 246, 247, 249, 250, 251, 252, 253, 254, 255, 256, 258, 260], "summary": {"covered_lines": 13, "num_statements": 13, "percent_covered": 100.0, "percent_covered_display": "100", "missing_lines": 0, "excluded_lines": 0, "percent_statements_covered": 100.0, "percent_statements_covered_display": "100"}, "missing_lines": [], "excluded_lines": [], "start_line": 223}, "compose_pstr_lists": {"executed_lines": [282, 283, 284, 285, 287], "summary": {"covered_lines": 5, "num_statements": 5, "percent_covered": 100.0, "percent_covered_display": "100", "missing_lines": 0, "excluded_lines": 0, "percent_statements_covered": 100.0, "percent_statements_covered_display": "100"}, "missing_lines": [], "excluded_lines": [], "start_line": 263}, "": {"executed_lines": [16, 17, 18, 19, 22, 68, 129, 161, 223, 263], "summary": {"covered_lines": 10, "num_statements": 10, "percent_covered": 100.0, "percent_covered_display": "100", "missing_lines": 0, "excluded_lines": 0, "percent_statements_covered": 100.0, "percent_statements_covered_display": "100"}, "missing_lines": [], "excluded_lines": [], "start_line": 1}}, "classes": {"": {"executed_lines": [16, 17, 18, 19, 22, 47, 48, 49, 50, 52, 53, 54, 55, 56, 61, 63, 65, 68, 101, 103, 104, 105, 107, 108, 109, 112, 113, 117, 118, 119, 120, 121, 124, 126, 129, 149, 150, 151, 152, 155, 156, 158, 161, 192, 195, 196, 197, 198, 201, 202, 203, 206, 207, 210, 211, 212, 215, 216, 217, 218, 220, 223, 245, 246, 247, 249, 250, 251, 252, 253, 254, 255, 256, 258, 260, 263, 282, 283, 284, 285, 287], "summary": {"covered_lines": 81, "num_statements": 82, "percent_covered": 98.78048780487805, "percent_covered_display": "99", "missing_lines": 1, "excluded_lines": 0, "percent_statements_covered": 98.78048780487805, "percent_statements_covered_display": "99"}, "missing_lines": [123], "excluded_lines": [], "start_line": 1}}}, "loqs/tools/qsimtools.py": {"executed_lines": [15, 18, 19, 25, 50, 51, 53, 54, 55, 56, 57, 58, 60, 63, 64, 65, 66, 67, 68, 70, 90, 93, 94, 95, 96, 98, 101], "summary": {"covered_lines": 27, "num_statements": 45, "percent_covered": 60.0, "percent_covered_display": "60", "missing_lines": 18, "excluded_lines": 0, "percent_statements_covered": 60.0, "percent_statements_covered_display": "60"}, "missing_lines": [20, 21, 71, 73, 79, 80, 81, 85, 86, 87, 88, 106, 107, 108, 109, 110, 111, 112], "excluded_lines": [], "functions": {"get_state_probs_phases": {"executed_lines": [50, 51, 53, 60, 63, 64, 65, 66, 67, 68, 70, 90, 93, 94, 95, 96, 98], "summary": {"covered_lines": 17, "num_statements": 26, "percent_covered": 65.38461538461539, "percent_covered_display": "65", "missing_lines": 9, "excluded_lines": 0, "percent_statements_covered": 65.38461538461539, "percent_statements_covered_display": "65"}, "missing_lines": [71, 73, 79, 80, 81, 85, 86, 87, 88], "excluded_lines": [], "start_line": 25}, "get_state_probs_phases.get_bitstring_dict": {"executed_lines": [54, 55, 56, 57, 58], "summary": {"covered_lines": 5, "num_statements": 5, "percent_covered": 100.0, "percent_covered_display": "100", "missing_lines": 0, "excluded_lines": 0, "percent_statements_covered": 100.0, "percent_statements_covered_display": "100"}, "missing_lines": [], "excluded_lines": [], "start_line": 53}, "print_state_probs_phases": {"executed_lines": [], "summary": {"covered_lines": 0, "num_statements": 7, "percent_covered": 0.0, "percent_covered_display": "0", "missing_lines": 7, "excluded_lines": 0, "percent_statements_covered": 0.0, "percent_statements_covered_display": "0"}, "missing_lines": [106, 107, 108, 109, 110, 111, 112], "excluded_lines": [], "start_line": 101}, "": {"executed_lines": [15, 18, 19, 25, 101], "summary": {"covered_lines": 5, "num_statements": 7, "percent_covered": 71.42857142857143, "percent_covered_display": "71", "missing_lines": 2, "excluded_lines": 0, "percent_statements_covered": 71.42857142857143, "percent_statements_covered_display": "71"}, "missing_lines": [20, 21], "excluded_lines": [], "start_line": 1}}, "classes": {"": {"executed_lines": [15, 18, 19, 25, 50, 51, 53, 54, 55, 56, 57, 58, 60, 63, 64, 65, 66, 67, 68, 70, 90, 93, 94, 95, 96, 98, 101], "summary": {"covered_lines": 27, "num_statements": 45, "percent_covered": 60.0, "percent_covered_display": "60", "missing_lines": 18, "excluded_lines": 0, "percent_statements_covered": 60.0, "percent_statements_covered_display": "60"}, "missing_lines": [20, 21, 71, 73, 79, 80, 81, 85, 86, 87, 88, 106, 107, 108, 109, 110, 111, 112], "excluded_lines": [], "start_line": 1}}}, "loqs/tools/reptools.py": {"executed_lines": [12, 13, 14, 16, 18, 20, 25, 54, 55, 57, 58, 59, 61, 64, 65, 68, 98, 99, 101, 102, 103, 104, 105, 106, 108, 111, 143, 144, 146, 147, 148, 149, 150, 151, 153, 156, 175, 176, 179, 181, 188, 189, 192, 197, 200, 203, 205, 208, 229, 230, 235, 260, 261, 262, 264, 265, 266, 268, 269, 270, 273, 291, 294, 295, 299, 303, 305, 306, 308, 309, 311, 312, 315, 318, 320, 322, 324, 325, 328, 332, 335, 370, 372, 373, 377, 378, 379, 380, 382, 383, 388, 390, 392, 393, 396, 397, 402], "summary": {"covered_lines": 97, "num_statements": 106, "percent_covered": 91.50943396226415, "percent_covered_display": "92", "missing_lines": 9, "excluded_lines": 0, "percent_statements_covered": 91.50943396226415, "percent_statements_covered_display": "92"}, "missing_lines": [194, 252, 254, 255, 257, 384, 386, 398, 400], "excluded_lines": [], "functions": {"pauli_sym_prod_phase": {"executed_lines": [54, 55, 57, 58, 59, 61, 64, 65], "summary": {"covered_lines": 8, "num_statements": 8, "percent_covered": 100.0, "percent_covered_display": "100", "missing_lines": 0, "excluded_lines": 0, "percent_statements_covered": 100.0, "percent_statements_covered_display": "100"}, "missing_lines": [], "excluded_lines": [], "start_line": 25}, "pauli_rates_to_eigvals": {"executed_lines": [98, 99, 101, 102, 103, 104, 105, 106, 108], "summary": {"covered_lines": 9, "num_statements": 9, "percent_covered": 100.0, "percent_covered_display": "100", "missing_lines": 0, "excluded_lines": 0, "percent_statements_covered": 100.0, "percent_statements_covered_display": "100"}, "missing_lines": [], "excluded_lines": [], "start_line": 68}, "pauli_eigvals_to_rates": {"executed_lines": [143, 144, 146, 147, 148, 149, 150, 151, 153], "summary": {"covered_lines": 9, "num_statements": 9, "percent_covered": 100.0, "percent_covered_display": "100", "missing_lines": 0, "excluded_lines": 0, "percent_statements_covered": 100.0, "percent_statements_covered_display": "100"}, "missing_lines": [], "excluded_lines": [], "start_line": 111}, "create_pauli_stochastic_kraus_rep": {"executed_lines": [175, 176, 179, 181, 188, 189, 192, 197, 200, 203, 205], "summary": {"covered_lines": 11, "num_statements": 12, "percent_covered": 91.66666666666667, "percent_covered_display": "92", "missing_lines": 1, "excluded_lines": 0, "percent_statements_covered": 91.66666666666667, "percent_statements_covered_display": "92"}, "missing_lines": [194], "excluded_lines": [], "start_line": 156}, "create_depolarizing_kraus_rep": {"executed_lines": [229, 230], "summary": {"covered_lines": 2, "num_statements": 2, "percent_covered": 100.0, "percent_covered_display": "100", "missing_lines": 0, "excluded_lines": 0, "percent_statements_covered": 100.0, "percent_statements_covered_display": "100"}, "missing_lines": [], "excluded_lines": [], "start_line": 208}, "create_1Q_amp_damp_kraus_rep": {"executed_lines": [], "summary": {"covered_lines": 0, "num_statements": 4, "percent_covered": 0.0, "percent_covered_display": "0", "missing_lines": 4, "excluded_lines": 0, "percent_statements_covered": 0.0, "percent_statements_covered_display": "0"}, "missing_lines": [252, 254, 255, 257], "excluded_lines": [], "start_line": 235}, "_get_kraus_rep": {"executed_lines": [261, 262, 264, 265, 266, 268, 269, 270], "summary": {"covered_lines": 8, "num_statements": 8, "percent_covered": 100.0, "percent_covered_display": "100", "missing_lines": 0, "excluded_lines": 0, "percent_statements_covered": 100.0, "percent_statements_covered_display": "100"}, "missing_lines": [], "excluded_lines": [], "start_line": 260}, "dedup_kraus_reptuple": {"executed_lines": [291, 294, 295, 299, 303, 305, 324, 325, 328, 332], "summary": {"covered_lines": 10, "num_statements": 10, "percent_covered": 100.0, "percent_covered_display": "100", "missing_lines": 0, "excluded_lines": 0, "percent_statements_covered": 100.0, "percent_statements_covered_display": "100"}, "missing_lines": [], "excluded_lines": [], "start_line": 273}, "dedup_kraus_reptuple.dedup_K": {"executed_lines": [306, 308, 309, 311, 312, 315, 318, 320, 322], "summary": {"covered_lines": 9, "num_statements": 9, "percent_covered": 100.0, "percent_covered_display": "100", "missing_lines": 0, "excluded_lines": 0, "percent_statements_covered": 100.0, "percent_statements_covered_display": "100"}, "missing_lines": [], "excluded_lines": [], "start_line": 305}, "compose_kraus_reptuples": {"executed_lines": [370, 372, 373, 377, 378, 379, 380, 382, 383, 388, 390, 392, 393, 396, 397, 402], "summary": {"covered_lines": 16, "num_statements": 20, "percent_covered": 80.0, "percent_covered_display": "80", "missing_lines": 4, "excluded_lines": 0, "percent_statements_covered": 80.0, "percent_statements_covered_display": "80"}, "missing_lines": [384, 386, 398, 400], "excluded_lines": [], "start_line": 335}, "": {"executed_lines": [12, 13, 14, 16, 18, 20, 25, 68, 111, 156, 208, 235, 260, 273, 335], "summary": {"covered_lines": 15, "num_statements": 15, "percent_covered": 100.0, "percent_covered_display": "100", "missing_lines": 0, "excluded_lines": 0, "percent_statements_covered": 100.0, "percent_statements_covered_display": "100"}, "missing_lines": [], "excluded_lines": [], "start_line": 1}}, "classes": {"": {"executed_lines": [12, 13, 14, 16, 18, 20, 25, 54, 55, 57, 58, 59, 61, 64, 65, 68, 98, 99, 101, 102, 103, 104, 105, 106, 108, 111, 143, 144, 146, 147, 148, 149, 150, 151, 153, 156, 175, 176, 179, 181, 188, 189, 192, 197, 200, 203, 205, 208, 229, 230, 235, 260, 261, 262, 264, 265, 266, 268, 269, 270, 273, 291, 294, 295, 299, 303, 305, 306, 308, 309, 311, 312, 315, 318, 320, 322, 324, 325, 328, 332, 335, 370, 372, 373, 377, 378, 379, 380, 382, 383, 388, 390, 392, 393, 396, 397, 402], "summary": {"covered_lines": 97, "num_statements": 106, "percent_covered": 91.50943396226415, "percent_covered_display": "92", "missing_lines": 9, "excluded_lines": 0, "percent_statements_covered": 91.50943396226415, "percent_statements_covered_display": "92"}, "missing_lines": [194, 252, 254, 255, 257, 384, 386, 398, 400], "excluded_lines": [], "start_line": 1}}}, "loqs/types.py": {"executed_lines": [1, 2, 3, 5, 6, 7, 8, 9, 10], "summary": {"covered_lines": 9, "num_statements": 9, "percent_covered": 100.0, "percent_covered_display": "100", "missing_lines": 0, "excluded_lines": 0, "percent_statements_covered": 100.0, "percent_statements_covered_display": "100"}, "missing_lines": [], "excluded_lines": [], "functions": {"": {"executed_lines": [1, 2, 3, 5, 6, 7, 8, 9, 10], "summary": {"covered_lines": 9, "num_statements": 9, "percent_covered": 100.0, "percent_covered_display": "100", "missing_lines": 0, "excluded_lines": 0, "percent_statements_covered": 100.0, "percent_statements_covered_display": "100"}, "missing_lines": [], "excluded_lines": [], "start_line": 1}}, "classes": {"": {"executed_lines": [1, 2, 3, 5, 6, 7, 8, 9, 10], "summary": {"covered_lines": 9, "num_statements": 9, "percent_covered": 100.0, "percent_covered_display": "100", "missing_lines": 0, "excluded_lines": 0, "percent_statements_covered": 100.0, "percent_statements_covered_display": "100"}, "missing_lines": [], "excluded_lines": [], "start_line": 1}}}}, "totals": {"covered_lines": 4501, "num_statements": 5810, "percent_covered": 77.46987951807229, "percent_covered_display": "77", "missing_lines": 1309, "excluded_lines": 34, "percent_statements_covered": 77.46987951807229, "percent_statements_covered_display": "77"}}